Analysis & Synthesis report for music
Wed Mar 31 17:00:33 2021
Quartus Prime Version 20.1.1 Build 720 11/11/2020 SJ Lite Edition


---------------------
; Table of Contents ;
---------------------
  1. Legal Notice
  2. Analysis & Synthesis Summary
  3. Analysis & Synthesis Settings
  4. Parallel Compilation
  5. Analysis & Synthesis Source Files Read
  6. Analysis & Synthesis Resource Usage Summary
  7. Analysis & Synthesis Resource Utilization by Entity
  8. State Machine - |music|y_present
  9. Registers Removed During Synthesis
 10. General Register Statistics
 11. Multiplexer Restructuring Statistics (Restructuring Performed)
 12. Port Connectivity Checks: "toneGenerator:TG"
 13. Analysis & Synthesis Messages



----------------
; Legal Notice ;
----------------
Copyright (C) 2020  Intel Corporation. All rights reserved.
Your use of Intel Corporation's design tools, logic functions 
and other software and tools, and any partner logic 
functions, and any output files from any of the foregoing 
(including device programming or simulation files), and any 
associated documentation or information are expressly subject 
to the terms and conditions of the Intel Program License 
Subscription Agreement, the Intel Quartus Prime License Agreement,
the Intel FPGA IP License Agreement, or other applicable license
agreement, including, without limitation, that your use is for
the sole purpose of programming logic devices manufactured by
Intel and sold by Intel or its authorized distributors.  Please
refer to the applicable agreement for further details, at
https://fpgasoftware.intel.com/eula.



+---------------------------------------------------------------------------+
; Analysis & Synthesis Summary                                              ;
+-----------------------------+---------------------------------------------+
; Analysis & Synthesis Status ; Successful - Wed Mar 31 17:00:33 2021       ;
; Quartus Prime Version       ; 20.1.1 Build 720 11/11/2020 SJ Lite Edition ;
; Revision Name               ; music                                       ;
; Top-level Entity Name       ; music                                       ;
; Family                      ; MAX V                                       ;
; Total logic elements        ; 504                                         ;
; Total pins                  ; 11                                          ;
; Total virtual pins          ; 0                                           ;
; UFM blocks                  ; 0 / 1 ( 0 % )                               ;
+-----------------------------+---------------------------------------------+


+------------------------------------------------------------------------------------------------------------+
; Analysis & Synthesis Settings                                                                              ;
+------------------------------------------------------------------+--------------------+--------------------+
; Option                                                           ; Setting            ; Default Value      ;
+------------------------------------------------------------------+--------------------+--------------------+
; Device                                                           ; 5M1270ZT144C5      ;                    ;
; Top-level entity name                                            ; music              ; music              ;
; Family name                                                      ; MAX V              ; Cyclone V          ;
; Use smart compilation                                            ; Off                ; Off                ;
; Enable parallel Assembler and Timing Analyzer during compilation ; On                 ; On                 ;
; Enable compact report table                                      ; Off                ; Off                ;
; Restructure Multiplexers                                         ; Auto               ; Auto               ;
; Create Debugging Nodes for IP Cores                              ; Off                ; Off                ;
; Preserve fewer node names                                        ; On                 ; On                 ;
; Intel FPGA IP Evaluation Mode                                    ; Enable             ; Enable             ;
; Verilog Version                                                  ; Verilog_2001       ; Verilog_2001       ;
; VHDL Version                                                     ; VHDL_1993          ; VHDL_1993          ;
; State Machine Processing                                         ; Auto               ; Auto               ;
; Safe State Machine                                               ; Off                ; Off                ;
; Extract Verilog State Machines                                   ; On                 ; On                 ;
; Extract VHDL State Machines                                      ; On                 ; On                 ;
; Ignore Verilog initial constructs                                ; Off                ; Off                ;
; Iteration limit for constant Verilog loops                       ; 5000               ; 5000               ;
; Iteration limit for non-constant Verilog loops                   ; 250                ; 250                ;
; Add Pass-Through Logic to Inferred RAMs                          ; On                 ; On                 ;
; Infer RAMs from Raw Logic                                        ; On                 ; On                 ;
; Parallel Synthesis                                               ; On                 ; On                 ;
; NOT Gate Push-Back                                               ; On                 ; On                 ;
; Power-Up Don't Care                                              ; On                 ; On                 ;
; Remove Redundant Logic Cells                                     ; Off                ; Off                ;
; Remove Duplicate Registers                                       ; On                 ; On                 ;
; Ignore CARRY Buffers                                             ; Off                ; Off                ;
; Ignore CASCADE Buffers                                           ; Off                ; Off                ;
; Ignore GLOBAL Buffers                                            ; Off                ; Off                ;
; Ignore ROW GLOBAL Buffers                                        ; Off                ; Off                ;
; Ignore LCELL Buffers                                             ; Off                ; Off                ;
; Ignore SOFT Buffers                                              ; On                 ; On                 ;
; Limit AHDL Integers to 32 Bits                                   ; Off                ; Off                ;
; Optimization Technique                                           ; Balanced           ; Balanced           ;
; Carry Chain Length                                               ; 70                 ; 70                 ;
; Auto Carry Chains                                                ; On                 ; On                 ;
; Auto Open-Drain Pins                                             ; On                 ; On                 ;
; Perform WYSIWYG Primitive Resynthesis                            ; Off                ; Off                ;
; Auto Shift Register Replacement                                  ; Auto               ; Auto               ;
; Allow Shift Register Merging across Hierarchies                  ; Auto               ; Auto               ;
; Auto Clock Enable Replacement                                    ; On                 ; On                 ;
; Allow Synchronous Control Signals                                ; On                 ; On                 ;
; Force Use of Synchronous Clear Signals                           ; Off                ; Off                ;
; Auto Resource Sharing                                            ; Off                ; Off                ;
; Use LogicLock Constraints during Resource Balancing              ; On                 ; On                 ;
; Ignore translate_off and synthesis_off directives                ; Off                ; Off                ;
; Report Parameter Settings                                        ; On                 ; On                 ;
; Report Source Assignments                                        ; On                 ; On                 ;
; Report Connectivity Checks                                       ; On                 ; On                 ;
; Ignore Maximum Fan-Out Assignments                               ; Off                ; Off                ;
; Synchronization Register Chain Length                            ; 2                  ; 2                  ;
; Power Optimization During Synthesis                              ; Normal compilation ; Normal compilation ;
; HDL message level                                                ; Level2             ; Level2             ;
; Suppress Register Optimization Related Messages                  ; Off                ; Off                ;
; Number of Removed Registers Reported in Synthesis Report         ; 5000               ; 5000               ;
; Number of Swept Nodes Reported in Synthesis Report               ; 5000               ; 5000               ;
; Number of Inverted Registers Reported in Synthesis Report        ; 100                ; 100                ;
; Clock MUX Protection                                             ; On                 ; On                 ;
; Block Design Naming                                              ; Auto               ; Auto               ;
; Synthesis Effort                                                 ; Auto               ; Auto               ;
; Shift Register Replacement - Allow Asynchronous Clear Signal     ; On                 ; On                 ;
; Analysis & Synthesis Message Level                               ; Medium             ; Medium             ;
; Disable Register Merging Across Hierarchies                      ; Auto               ; Auto               ;
+------------------------------------------------------------------+--------------------+--------------------+


+------------------------------------------+
; Parallel Compilation                     ;
+----------------------------+-------------+
; Processors                 ; Number      ;
+----------------------------+-------------+
; Number detected on machine ; 8           ;
; Maximum allowed            ; 4           ;
;                            ;             ;
; Average used               ; 1.00        ;
; Maximum used               ; 1           ;
;                            ;             ;
; Usage by Processor         ; % Time Used ;
;     Processor 1            ; 100.0%      ;
+----------------------------+-------------+


+----------------------------------------------------------------------------------------------------------------------------------------+
; Analysis & Synthesis Source Files Read                                                                                                 ;
+----------------------------------+-----------------+-----------------+-------------------------------------------------------+---------+
; File Name with User-Entered Path ; Used in Netlist ; File Type       ; File Name with Absolute Path                          ; Library ;
+----------------------------------+-----------------+-----------------+-------------------------------------------------------+---------+
; music.vhd                        ; yes             ; User VHDL File  ; /home/iamprasann/Desktop/EE214/Lab9/music.vhd         ;         ;
; toneGenerator.vhd                ; yes             ; User VHDL File  ; /home/iamprasann/Desktop/EE214/Lab9/toneGenerator.vhd ;         ;
+----------------------------------+-----------------+-----------------+-------------------------------------------------------+---------+


+------------------------------------------------------+
; Analysis & Synthesis Resource Usage Summary          ;
+---------------------------------------------+--------+
; Resource                                    ; Usage  ;
+---------------------------------------------+--------+
; Total logic elements                        ; 504    ;
;     -- Combinational with no register       ; 267    ;
;     -- Register only                        ; 123    ;
;     -- Combinational with a register        ; 114    ;
;                                             ;        ;
; Logic element usage by number of LUT inputs ;        ;
;     -- 4 input functions                    ; 92     ;
;     -- 3 input functions                    ; 57     ;
;     -- 2 input functions                    ; 224    ;
;     -- 1 input functions                    ; 7      ;
;     -- 0 input functions                    ; 1      ;
;                                             ;        ;
; Logic elements by mode                      ;        ;
;     -- normal mode                          ; 292    ;
;     -- arithmetic mode                      ; 212    ;
;     -- qfbk mode                            ; 0      ;
;     -- register cascade mode                ; 0      ;
;     -- synchronous clear/load mode          ; 67     ;
;     -- asynchronous clear/load mode         ; 0      ;
;                                             ;        ;
; Total registers                             ; 237    ;
; Total logic cells in carry chains           ; 219    ;
; I/O pins                                    ; 11     ;
; Maximum fan-out node                        ; clk_50 ;
; Maximum fan-out                             ; 199    ;
; Total fan-out                               ; 1623   ;
; Average fan-out                             ; 3.15   ;
+---------------------------------------------+--------+


+------------------------------------------------------------------------------------------------------------------------------------------------------------------------------------------------------------------------------------------+
; Analysis & Synthesis Resource Utilization by Entity                                                                                                                                                                                      ;
+----------------------------+-------------+--------------+------------+------+--------------+--------------+-------------------+------------------+-----------------+------------+-------------------------+---------------+--------------+
; Compilation Hierarchy Node ; Logic Cells ; LC Registers ; UFM Blocks ; Pins ; Virtual Pins ; LUT-Only LCs ; Register-Only LCs ; LUT/Register LCs ; Carry Chain LCs ; Packed LCs ; Full Hierarchy Name     ; Entity Name   ; Library Name ;
+----------------------------+-------------+--------------+------------+------+--------------+--------------+-------------------+------------------+-----------------+------------+-------------------------+---------------+--------------+
; |music                     ; 504 (113)   ; 237          ; 0          ; 11   ; 0            ; 267 (47)     ; 123 (0)           ; 114 (66)         ; 219 (59)        ; 0 (0)      ; |music                  ; music         ; work         ;
;    |toneGenerator:TG|      ; 391 (391)   ; 171          ; 0          ; 0    ; 0            ; 220 (220)    ; 123 (123)         ; 48 (48)          ; 160 (160)       ; 0 (0)      ; |music|toneGenerator:TG ; toneGenerator ; work         ;
+----------------------------+-------------+--------------+------------+------+--------------+--------------+-------------------+------------------+-----------------+------------+-------------------------+---------------+--------------+
Note: For table entries with two numbers listed, the numbers in parentheses indicate the number of resources of the given type used by the specific entity alone. The numbers listed outside of parentheses indicate the total resources of the given type used by the specific entity and all of its sub-entities in the hierarchy.


Encoding Type:  One-Hot
+----------------------------------------------------------------------------------------------------------------+
; State Machine - |music|y_present                                                                               ;
+------------------+--------------+--------------+--------------+--------------+--------------+------------------+
; Name             ; y_present.ni ; y_present.re ; y_present.ma ; y_present.ga ; y_present.sa ; y_present.Silent ;
+------------------+--------------+--------------+--------------+--------------+--------------+------------------+
; y_present.Silent ; 0            ; 0            ; 0            ; 0            ; 0            ; 0                ;
; y_present.sa     ; 0            ; 0            ; 0            ; 0            ; 1            ; 1                ;
; y_present.ga     ; 0            ; 0            ; 0            ; 1            ; 0            ; 1                ;
; y_present.ma     ; 0            ; 0            ; 1            ; 0            ; 0            ; 1                ;
; y_present.re     ; 0            ; 1            ; 0            ; 0            ; 0            ; 1                ;
; y_present.ni     ; 1            ; 0            ; 0            ; 0            ; 0            ; 1                ;
+------------------+--------------+--------------+--------------+--------------+--------------+------------------+


+----------------------------------------------------------------------------------+
; Registers Removed During Synthesis                                               ;
+-----------------------------------------+----------------------------------------+
; Register name                           ; Reason for Removal                     ;
+-----------------------------------------+----------------------------------------+
; toneGenerator:TG|sa2                    ; Lost fanout                            ;
; toneGenerator:TG|count_sa2[0..31]       ; Lost fanout                            ;
; toneGenerator:TG|dha                    ; Lost fanout                            ;
; toneGenerator:TG|count_dha[0..31]       ; Lost fanout                            ;
; toneGenerator:TG|pa                     ; Lost fanout                            ;
; toneGenerator:TG|count_pa[0..31]        ; Lost fanout                            ;
; toneGenerator:TG|LED[5,7]               ; Merged with toneGenerator:TG|LED[4]    ;
; toneGenerator:TG|LED[4]                 ; Stuck at GND due to stuck port data_in ;
; Total Number of Removed Registers = 102 ;                                        ;
+-----------------------------------------+----------------------------------------+


+------------------------------------------------------+
; General Register Statistics                          ;
+----------------------------------------------+-------+
; Statistic                                    ; Value ;
+----------------------------------------------+-------+
; Total registers                              ; 237   ;
; Number of registers using Synchronous Clear  ; 40    ;
; Number of registers using Synchronous Load   ; 27    ;
; Number of registers using Asynchronous Clear ; 0     ;
; Number of registers using Asynchronous Load  ; 0     ;
; Number of registers using Clock Enable       ; 170   ;
; Number of registers using Preset             ; 0     ;
+----------------------------------------------+-------+


+----------------------------------------------------------------------------------------------------------------------------------------------+
; Multiplexer Restructuring Statistics (Restructuring Performed)                                                                               ;
+--------------------+-----------+---------------+----------------------+------------------------+------------+--------------------------------+
; Multiplexer Inputs ; Bus Width ; Baseline Area ; Area if Restructured ; Saving if Restructured ; Registered ; Example Multiplexer Output     ;
+--------------------+-----------+---------------+----------------------+------------------------+------------+--------------------------------+
; 3:1                ; 27 bits   ; 54 LEs        ; 27 LEs               ; 27 LEs                 ; Yes        ; |music|timecounter[13]         ;
; 6:1                ; 5 bits    ; 20 LEs        ; 15 LEs               ; 5 LEs                  ; Yes        ; |music|toneGenerator:TG|LED[2] ;
+--------------------+-----------+---------------+----------------------+------------------------+------------+--------------------------------+


+------------------------------------------------+
; Port Connectivity Checks: "toneGenerator:TG"   ;
+--------------+-------+----------+--------------+
; Port         ; Type  ; Severity ; Details      ;
+--------------+-------+----------+--------------+
; switch[5..4] ; Input ; Info     ; Stuck at GND ;
; switch[7]    ; Input ; Info     ; Stuck at GND ;
+--------------+-------+----------+--------------+


+-------------------------------+
; Analysis & Synthesis Messages ;
+-------------------------------+
Info: *******************************************************************
Info: Running Quartus Prime Analysis & Synthesis
    Info: Version 20.1.1 Build 720 11/11/2020 SJ Lite Edition
    Info: Processing started: Wed Mar 31 17:00:22 2021
Info: Command: quartus_map --read_settings_files=on --write_settings_files=off MusicFSM -c music
Warning (18236): Number of processors has not been specified which may cause overloading on shared machines.  Set the global assignment NUM_PARALLEL_PROCESSORS in your QSF to an appropriate value for best performance.
Info (20030): Parallel compilation is enabled and will use 4 of the 4 processors detected
Info (12021): Found 2 design units, including 1 entities, in source file music.vhd
    Info (12022): Found design unit 1: music-fsm File: /home/iamprasann/Desktop/EE214/Lab9/music.vhd Line: 10
    Info (12023): Found entity 1: music File: /home/iamprasann/Desktop/EE214/Lab9/music.vhd Line: 4
Info (12021): Found 2 design units, including 1 entities, in source file song_tb.vhd
    Info (12022): Found design unit 1: song_tb-testbench File: /home/iamprasann/Desktop/EE214/Lab9/song_tb.vhd Line: 9
    Info (12023): Found entity 1: song_tb File: /home/iamprasann/Desktop/EE214/Lab9/song_tb.vhd Line: 5
Info (12021): Found 2 design units, including 1 entities, in source file toneGenerator.vhd
    Info (12022): Found design unit 1: toneGenerator-behavioral File: /home/iamprasann/Desktop/EE214/Lab9/toneGenerator.vhd Line: 11
    Info (12023): Found entity 1: toneGenerator File: /home/iamprasann/Desktop/EE214/Lab9/toneGenerator.vhd Line: 4
Info (12127): Elaborating entity "music" for the top level hierarchy
Warning (10492): VHDL Process Statement warning at music.vhd(35): signal "count" is read inside the Process Statement but isn't in the Process Statement's sensitivity list File: /home/iamprasann/Desktop/EE214/Lab9/music.vhd Line: 35
Info (12128): Elaborating entity "toneGenerator" for hierarchy "toneGenerator:TG" File: /home/iamprasann/Desktop/EE214/Lab9/music.vhd Line: 122
Warning (13024): Output pins are stuck at VCC or GND
    Warning (13410): Pin "LED[4]" is stuck at GND File: /home/iamprasann/Desktop/EE214/Lab9/music.vhd Line: 7
    Warning (13410): Pin "LED[5]" is stuck at GND File: /home/iamprasann/Desktop/EE214/Lab9/music.vhd Line: 7
    Warning (13410): Pin "LED[7]" is stuck at GND File: /home/iamprasann/Desktop/EE214/Lab9/music.vhd Line: 7
Info (17049): 99 registers lost all their fanouts during netlist optimizations.
Info (21057): Implemented 515 device resources after synthesis - the final resource count might be different
    Info (21058): Implemented 2 input pins
    Info (21059): Implemented 9 output pins
    Info (21061): Implemented 504 logic cells
Info: Quartus Prime Analysis & Synthesis was successful. 0 errors, 6 warnings
    Info: Peak virtual memory: 430 megabytes
    Info: Processing ended: Wed Mar 31 17:00:33 2021
    Info: Elapsed time: 00:00:11
    Info: Total CPU time (on all processors): 00:00:30


