Analysis & Elaboration report for DUT
Wed Feb 10 17:05:32 2021
Quartus Prime Version 20.1.1 Build 720 11/11/2020 SJ Lite Edition


---------------------
; Table of Contents ;
---------------------
  1. Legal Notice
  2. Analysis & Elaboration Summary
  3. Parallel Compilation
  4. Analysis & Elaboration Settings
  5. Port Connectivity Checks: "Add_Subtract_Primes:add_instance|FourIPMUX:mux5"
  6. Port Connectivity Checks: "Add_Subtract_Primes:add_instance|FourIPMUX:mux4"
  7. Port Connectivity Checks: "Add_Subtract_Primes:add_instance|FourIPMUX:mux3"
  8. Port Connectivity Checks: "Add_Subtract_Primes:add_instance|FourIPMUX:mux2"
  9. Port Connectivity Checks: "Add_Subtract_Primes:add_instance|FourIPMUX:mux1|AND_4:and4"
 10. Port Connectivity Checks: "Add_Subtract_Primes:add_instance|FourIPMUX:mux1|AND_4:and3"
 11. Port Connectivity Checks: "Add_Subtract_Primes:add_instance|FourIPMUX:mux1|AND_4:and2"
 12. Port Connectivity Checks: "Add_Subtract_Primes:add_instance|FourIPMUX:mux1|AND_4:and1"
 13. Port Connectivity Checks: "Add_Subtract_Primes:add_instance|FourIPMUX:mux1"
 14. Port Connectivity Checks: "Add_Subtract_Primes:add_instance|TwosComp:minus_b|Four_Bit_Adder:final_comp|Full_Adder:fa0"
 15. Port Connectivity Checks: "Add_Subtract_Primes:add_instance|TwosComp:minus_b|Four_Bit_Adder:final_comp"
 16. Analysis & Elaboration Messages



----------------
; Legal Notice ;
----------------
Copyright (C) 2020  Intel Corporation. All rights reserved.
Your use of Intel Corporation's design tools, logic functions 
and other software and tools, and any partner logic 
functions, and any output files from any of the foregoing 
(including device programming or simulation files), and any 
associated documentation or information are expressly subject 
to the terms and conditions of the Intel Program License 
Subscription Agreement, the Intel Quartus Prime License Agreement,
the Intel FPGA IP License Agreement, or other applicable license
agreement, including, without limitation, that your use is for
the sole purpose of programming logic devices manufactured by
Intel and sold by Intel or its authorized distributors.  Please
refer to the applicable agreement for further details, at
https://fpgasoftware.intel.com/eula.



+-----------------------------------------------------------------------------+
; Analysis & Elaboration Summary                                              ;
+-------------------------------+---------------------------------------------+
; Analysis & Elaboration Status ; Successful - Wed Feb 10 17:05:32 2021       ;
; Quartus Prime Version         ; 20.1.1 Build 720 11/11/2020 SJ Lite Edition ;
; Revision Name                 ; DUT                                         ;
; Top-level Entity Name         ; DUT                                         ;
; Family                        ; MAX V                                       ;
+-------------------------------+---------------------------------------------+


+------------------------------------------+
; Parallel Compilation                     ;
+----------------------------+-------------+
; Processors                 ; Number      ;
+----------------------------+-------------+
; Number detected on machine ; 8           ;
; Maximum allowed            ; 4           ;
;                            ;             ;
; Average used               ; 1.00        ;
; Maximum used               ; 1           ;
;                            ;             ;
; Usage by Processor         ; % Time Used ;
;     Processor 1            ; 100.0%      ;
+----------------------------+-------------+


+------------------------------------------------------------------------------------------------------------+
; Analysis & Elaboration Settings                                                                            ;
+------------------------------------------------------------------+--------------------+--------------------+
; Option                                                           ; Setting            ; Default Value      ;
+------------------------------------------------------------------+--------------------+--------------------+
; Device                                                           ; 5M1270ZT144C5      ;                    ;
; Top-level entity name                                            ; DUT                ; DUT                ;
; Family name                                                      ; MAX V              ; Cyclone V          ;
; Use smart compilation                                            ; Off                ; Off                ;
; Enable parallel Assembler and Timing Analyzer during compilation ; On                 ; On                 ;
; Enable compact report table                                      ; Off                ; Off                ;
; Restructure Multiplexers                                         ; Auto               ; Auto               ;
; Create Debugging Nodes for IP Cores                              ; Off                ; Off                ;
; Preserve fewer node names                                        ; On                 ; On                 ;
; Intel FPGA IP Evaluation Mode                                    ; Enable             ; Enable             ;
; Verilog Version                                                  ; Verilog_2001       ; Verilog_2001       ;
; VHDL Version                                                     ; VHDL_1993          ; VHDL_1993          ;
; State Machine Processing                                         ; Auto               ; Auto               ;
; Safe State Machine                                               ; Off                ; Off                ;
; Extract Verilog State Machines                                   ; On                 ; On                 ;
; Extract VHDL State Machines                                      ; On                 ; On                 ;
; Ignore Verilog initial constructs                                ; Off                ; Off                ;
; Iteration limit for constant Verilog loops                       ; 5000               ; 5000               ;
; Iteration limit for non-constant Verilog loops                   ; 250                ; 250                ;
; Add Pass-Through Logic to Inferred RAMs                          ; On                 ; On                 ;
; Infer RAMs from Raw Logic                                        ; On                 ; On                 ;
; Parallel Synthesis                                               ; On                 ; On                 ;
; NOT Gate Push-Back                                               ; On                 ; On                 ;
; Power-Up Don't Care                                              ; On                 ; On                 ;
; Remove Redundant Logic Cells                                     ; Off                ; Off                ;
; Remove Duplicate Registers                                       ; On                 ; On                 ;
; Ignore CARRY Buffers                                             ; Off                ; Off                ;
; Ignore CASCADE Buffers                                           ; Off                ; Off                ;
; Ignore GLOBAL Buffers                                            ; Off                ; Off                ;
; Ignore ROW GLOBAL Buffers                                        ; Off                ; Off                ;
; Ignore LCELL Buffers                                             ; Off                ; Off                ;
; Ignore SOFT Buffers                                              ; On                 ; On                 ;
; Limit AHDL Integers to 32 Bits                                   ; Off                ; Off                ;
; Optimization Technique                                           ; Balanced           ; Balanced           ;
; Carry Chain Length                                               ; 70                 ; 70                 ;
; Auto Carry Chains                                                ; On                 ; On                 ;
; Auto Open-Drain Pins                                             ; On                 ; On                 ;
; Perform WYSIWYG Primitive Resynthesis                            ; Off                ; Off                ;
; Auto Shift Register Replacement                                  ; Auto               ; Auto               ;
; Allow Shift Register Merging across Hierarchies                  ; Auto               ; Auto               ;
; Auto Clock Enable Replacement                                    ; On                 ; On                 ;
; Allow Synchronous Control Signals                                ; On                 ; On                 ;
; Force Use of Synchronous Clear Signals                           ; Off                ; Off                ;
; Auto Resource Sharing                                            ; Off                ; Off                ;
; Use LogicLock Constraints during Resource Balancing              ; On                 ; On                 ;
; Ignore translate_off and synthesis_off directives                ; Off                ; Off                ;
; Report Parameter Settings                                        ; On                 ; On                 ;
; Report Source Assignments                                        ; On                 ; On                 ;
; Report Connectivity Checks                                       ; On                 ; On                 ;
; Ignore Maximum Fan-Out Assignments                               ; Off                ; Off                ;
; Synchronization Register Chain Length                            ; 2                  ; 2                  ;
; Power Optimization During Synthesis                              ; Normal compilation ; Normal compilation ;
; HDL message level                                                ; Level2             ; Level2             ;
; Suppress Register Optimization Related Messages                  ; Off                ; Off                ;
; Number of Removed Registers Reported in Synthesis Report         ; 5000               ; 5000               ;
; Number of Swept Nodes Reported in Synthesis Report               ; 5000               ; 5000               ;
; Number of Inverted Registers Reported in Synthesis Report        ; 100                ; 100                ;
; Clock MUX Protection                                             ; On                 ; On                 ;
; Block Design Naming                                              ; Auto               ; Auto               ;
; Synthesis Effort                                                 ; Auto               ; Auto               ;
; Shift Register Replacement - Allow Asynchronous Clear Signal     ; On                 ; On                 ;
; Analysis & Synthesis Message Level                               ; Medium             ; Medium             ;
; Disable Register Merging Across Hierarchies                      ; Auto               ; Auto               ;
+------------------------------------------------------------------+--------------------+--------------------+


+-----------------------------------------------------------------------------+
; Port Connectivity Checks: "Add_Subtract_Primes:add_instance|FourIPMUX:mux5" ;
+------+-------+----------+---------------------------------------------------+
; Port ; Type  ; Severity ; Details                                           ;
+------+-------+----------+---------------------------------------------------+
; x1   ; Input ; Info     ; Stuck at GND                                      ;
+------+-------+----------+---------------------------------------------------+


+-----------------------------------------------------------------------------+
; Port Connectivity Checks: "Add_Subtract_Primes:add_instance|FourIPMUX:mux4" ;
+------+-------+----------+---------------------------------------------------+
; Port ; Type  ; Severity ; Details                                           ;
+------+-------+----------+---------------------------------------------------+
; x1   ; Input ; Info     ; Stuck at GND                                      ;
+------+-------+----------+---------------------------------------------------+


+-----------------------------------------------------------------------------+
; Port Connectivity Checks: "Add_Subtract_Primes:add_instance|FourIPMUX:mux3" ;
+------+-------+----------+---------------------------------------------------+
; Port ; Type  ; Severity ; Details                                           ;
+------+-------+----------+---------------------------------------------------+
; x1   ; Input ; Info     ; Stuck at GND                                      ;
+------+-------+----------+---------------------------------------------------+


+-----------------------------------------------------------------------------+
; Port Connectivity Checks: "Add_Subtract_Primes:add_instance|FourIPMUX:mux2" ;
+------+-------+----------+---------------------------------------------------+
; Port ; Type  ; Severity ; Details                                           ;
+------+-------+----------+---------------------------------------------------+
; x1   ; Input ; Info     ; Stuck at GND                                      ;
+------+-------+----------+---------------------------------------------------+


+----------------------------------------------------------------------------------------+
; Port Connectivity Checks: "Add_Subtract_Primes:add_instance|FourIPMUX:mux1|AND_4:and4" ;
+------+-------+----------+--------------------------------------------------------------+
; Port ; Type  ; Severity ; Details                                                      ;
+------+-------+----------+--------------------------------------------------------------+
; d    ; Input ; Info     ; Stuck at VCC                                                 ;
+------+-------+----------+--------------------------------------------------------------+


+----------------------------------------------------------------------------------------+
; Port Connectivity Checks: "Add_Subtract_Primes:add_instance|FourIPMUX:mux1|AND_4:and3" ;
+------+-------+----------+--------------------------------------------------------------+
; Port ; Type  ; Severity ; Details                                                      ;
+------+-------+----------+--------------------------------------------------------------+
; d    ; Input ; Info     ; Stuck at VCC                                                 ;
+------+-------+----------+--------------------------------------------------------------+


+----------------------------------------------------------------------------------------+
; Port Connectivity Checks: "Add_Subtract_Primes:add_instance|FourIPMUX:mux1|AND_4:and2" ;
+------+-------+----------+--------------------------------------------------------------+
; Port ; Type  ; Severity ; Details                                                      ;
+------+-------+----------+--------------------------------------------------------------+
; d    ; Input ; Info     ; Stuck at VCC                                                 ;
+------+-------+----------+--------------------------------------------------------------+


+----------------------------------------------------------------------------------------+
; Port Connectivity Checks: "Add_Subtract_Primes:add_instance|FourIPMUX:mux1|AND_4:and1" ;
+------+-------+----------+--------------------------------------------------------------+
; Port ; Type  ; Severity ; Details                                                      ;
+------+-------+----------+--------------------------------------------------------------+
; d    ; Input ; Info     ; Stuck at VCC                                                 ;
+------+-------+----------+--------------------------------------------------------------+


+-----------------------------------------------------------------------------+
; Port Connectivity Checks: "Add_Subtract_Primes:add_instance|FourIPMUX:mux1" ;
+------+-------+----------+---------------------------------------------------+
; Port ; Type  ; Severity ; Details                                           ;
+------+-------+----------+---------------------------------------------------+
; x1   ; Input ; Info     ; Stuck at GND                                      ;
+------+-------+----------+---------------------------------------------------+


+------------------------------------------------------------------------------------------------------------------------+
; Port Connectivity Checks: "Add_Subtract_Primes:add_instance|TwosComp:minus_b|Four_Bit_Adder:final_comp|Full_Adder:fa0" ;
+------+-------+----------+----------------------------------------------------------------------------------------------+
; Port ; Type  ; Severity ; Details                                                                                      ;
+------+-------+----------+----------------------------------------------------------------------------------------------+
; cin  ; Input ; Info     ; Stuck at GND                                                                                 ;
+------+-------+----------+----------------------------------------------------------------------------------------------+


+----------------------------------------------------------------------------------------------------------------+
; Port Connectivity Checks: "Add_Subtract_Primes:add_instance|TwosComp:minus_b|Four_Bit_Adder:final_comp"        ;
+------+--------+----------+-------------------------------------------------------------------------------------+
; Port ; Type   ; Severity ; Details                                                                             ;
+------+--------+----------+-------------------------------------------------------------------------------------+
; b0   ; Input  ; Info     ; Stuck at VCC                                                                        ;
; b1   ; Input  ; Info     ; Stuck at GND                                                                        ;
; b2   ; Input  ; Info     ; Stuck at GND                                                                        ;
; b3   ; Input  ; Info     ; Stuck at GND                                                                        ;
; cout ; Output ; Info     ; Connected to dangling logic. Logic that only feeds a dangling port will be removed. ;
+------+--------+----------+-------------------------------------------------------------------------------------+


+---------------------------------+
; Analysis & Elaboration Messages ;
+---------------------------------+
Info: *******************************************************************
Info: Running Quartus Prime Analysis & Elaboration
    Info: Version 20.1.1 Build 720 11/11/2020 SJ Lite Edition
    Info: Processing started: Wed Feb 10 17:05:23 2021
Info: Command: quartus_map --read_settings_files=on --write_settings_files=off Add_Subtract_Primes -c DUT --analysis_and_elaboration
Warning (18236): Number of processors has not been specified which may cause overloading on shared machines.  Set the global assignment NUM_PARALLEL_PROCESSORS in your QSF to an appropriate value for best performance.
Info (20030): Parallel compilation is enabled and will use 4 of the 4 processors detected
Info (12021): Found 2 design units, including 1 entities, in source file Testbench.vhd
    Info (12022): Found design unit 1: Testbench-Behave File: /home/iamprasann/Desktop/EE214/Lab4/Q2/Testbench.vhd Line: 9
    Info (12023): Found entity 1: Testbench File: /home/iamprasann/Desktop/EE214/Lab4/Q2/Testbench.vhd Line: 7
Info (12021): Found 2 design units, including 1 entities, in source file OR_4.vhd
    Info (12022): Found design unit 1: OR_4-Struct File: /home/iamprasann/Desktop/EE214/Lab4/Q2/OR_4.vhd Line: 16
    Info (12023): Found entity 1: OR_4 File: /home/iamprasann/Desktop/EE214/Lab4/Q2/OR_4.vhd Line: 11
Info (12021): Found 17 design units, including 8 entities, in source file Gates.vhd
    Info (12022): Found design unit 1: Gates File: /home/iamprasann/Desktop/EE214/Lab4/Q2/Gates.vhd Line: 3
    Info (12022): Found design unit 2: INVERTER-Equations File: /home/iamprasann/Desktop/EE214/Lab4/Q2/Gates.vhd Line: 45
    Info (12022): Found design unit 3: AND_2-Equations File: /home/iamprasann/Desktop/EE214/Lab4/Q2/Gates.vhd Line: 57
    Info (12022): Found design unit 4: NAND_2-Equations File: /home/iamprasann/Desktop/EE214/Lab4/Q2/Gates.vhd Line: 68
    Info (12022): Found design unit 5: OR_2-Equations File: /home/iamprasann/Desktop/EE214/Lab4/Q2/Gates.vhd Line: 79
    Info (12022): Found design unit 6: NOR_2-Equations File: /home/iamprasann/Desktop/EE214/Lab4/Q2/Gates.vhd Line: 90
    Info (12022): Found design unit 7: XOR_2-Equations File: /home/iamprasann/Desktop/EE214/Lab4/Q2/Gates.vhd Line: 102
    Info (12022): Found design unit 8: XNOR_2-Equations File: /home/iamprasann/Desktop/EE214/Lab4/Q2/Gates.vhd Line: 113
    Info (12022): Found design unit 9: HALF_ADDER-Equations File: /home/iamprasann/Desktop/EE214/Lab4/Q2/Gates.vhd Line: 124
    Info (12023): Found entity 1: INVERTER File: /home/iamprasann/Desktop/EE214/Lab4/Q2/Gates.vhd Line: 41
    Info (12023): Found entity 2: AND_2 File: /home/iamprasann/Desktop/EE214/Lab4/Q2/Gates.vhd Line: 53
    Info (12023): Found entity 3: NAND_2 File: /home/iamprasann/Desktop/EE214/Lab4/Q2/Gates.vhd Line: 64
    Info (12023): Found entity 4: OR_2 File: /home/iamprasann/Desktop/EE214/Lab4/Q2/Gates.vhd Line: 75
    Info (12023): Found entity 5: NOR_2 File: /home/iamprasann/Desktop/EE214/Lab4/Q2/Gates.vhd Line: 86
    Info (12023): Found entity 6: XOR_2 File: /home/iamprasann/Desktop/EE214/Lab4/Q2/Gates.vhd Line: 98
    Info (12023): Found entity 7: XNOR_2 File: /home/iamprasann/Desktop/EE214/Lab4/Q2/Gates.vhd Line: 109
    Info (12023): Found entity 8: HALF_ADDER File: /home/iamprasann/Desktop/EE214/Lab4/Q2/Gates.vhd Line: 120
Info (12021): Found 2 design units, including 1 entities, in source file DUT.vhd
    Info (12022): Found design unit 1: DUT-DutWrap File: /home/iamprasann/Desktop/EE214/Lab4/Q2/DUT.vhd Line: 13
    Info (12023): Found entity 1: DUT File: /home/iamprasann/Desktop/EE214/Lab4/Q2/DUT.vhd Line: 7
Info (12021): Found 2 design units, including 1 entities, in source file Check_Prime.vhd
    Info (12022): Found design unit 1: Check_Prime-Struct File: /home/iamprasann/Desktop/EE214/Lab4/Q2/Check_Prime.vhd Line: 16
    Info (12023): Found entity 1: Check_Prime File: /home/iamprasann/Desktop/EE214/Lab4/Q2/Check_Prime.vhd Line: 11
Info (12021): Found 2 design units, including 1 entities, in source file AND_3.vhd
    Info (12022): Found design unit 1: AND_3-Struct File: /home/iamprasann/Desktop/EE214/Lab4/Q2/AND_3.vhd Line: 16
    Info (12023): Found entity 1: AND_3 File: /home/iamprasann/Desktop/EE214/Lab4/Q2/AND_3.vhd Line: 11
Info (12021): Found 2 design units, including 1 entities, in source file Four_Bit_Adder.vhd
    Info (12022): Found design unit 1: Four_Bit_Adder-Struct File: /home/iamprasann/Desktop/EE214/Lab4/Q2/Four_Bit_Adder.vhd Line: 16
    Info (12023): Found entity 1: Four_Bit_Adder File: /home/iamprasann/Desktop/EE214/Lab4/Q2/Four_Bit_Adder.vhd Line: 11
Info (12021): Found 2 design units, including 1 entities, in source file FullAdder.vhd
    Info (12022): Found design unit 1: Full_Adder-Struct File: /home/iamprasann/Desktop/EE214/Lab4/Q2/FullAdder.vhd Line: 12
    Info (12023): Found entity 1: Full_Adder File: /home/iamprasann/Desktop/EE214/Lab4/Q2/FullAdder.vhd Line: 8
Info (12021): Found 2 design units, including 1 entities, in source file Add_Subtract_Primes.vhd
    Info (12022): Found design unit 1: Add_Subtract_Primes-Struct File: /home/iamprasann/Desktop/EE214/Lab4/Q2/Add_Subtract_Primes.vhd Line: 16
    Info (12023): Found entity 1: Add_Subtract_Primes File: /home/iamprasann/Desktop/EE214/Lab4/Q2/Add_Subtract_Primes.vhd Line: 11
Info (12021): Found 2 design units, including 1 entities, in source file FourMUX.vhd
    Info (12022): Found design unit 1: FourIPMUX-Struct File: /home/iamprasann/Desktop/EE214/Lab4/Q2/FourMUX.vhd Line: 16
    Info (12023): Found entity 1: FourIPMUX File: /home/iamprasann/Desktop/EE214/Lab4/Q2/FourMUX.vhd Line: 11
Info (12021): Found 2 design units, including 1 entities, in source file AND_4.vhd
    Info (12022): Found design unit 1: AND_4-Struct File: /home/iamprasann/Desktop/EE214/Lab4/Q2/AND_4.vhd Line: 16
    Info (12023): Found entity 1: AND_4 File: /home/iamprasann/Desktop/EE214/Lab4/Q2/AND_4.vhd Line: 11
Info (12021): Found 2 design units, including 1 entities, in source file TwosComp.vhd
    Info (12022): Found design unit 1: TwosComp-Struct File: /home/iamprasann/Desktop/EE214/Lab4/Q2/TwosComp.vhd Line: 16
    Info (12023): Found entity 1: TwosComp File: /home/iamprasann/Desktop/EE214/Lab4/Q2/TwosComp.vhd Line: 11
Info (12127): Elaborating entity "DUT" for the top level hierarchy
Info (12128): Elaborating entity "Add_Subtract_Primes" for hierarchy "Add_Subtract_Primes:add_instance" File: /home/iamprasann/Desktop/EE214/Lab4/Q2/DUT.vhd Line: 21
Info (12128): Elaborating entity "Check_Prime" for hierarchy "Add_Subtract_Primes:add_instance|Check_Prime:logical1" File: /home/iamprasann/Desktop/EE214/Lab4/Q2/Add_Subtract_Primes.vhd Line: 43
Info (12128): Elaborating entity "INVERTER" for hierarchy "Add_Subtract_Primes:add_instance|Check_Prime:logical1|INVERTER:not1" File: /home/iamprasann/Desktop/EE214/Lab4/Q2/Check_Prime.vhd Line: 35
Info (12128): Elaborating entity "AND_3" for hierarchy "Add_Subtract_Primes:add_instance|Check_Prime:logical1|AND_3:and1" File: /home/iamprasann/Desktop/EE214/Lab4/Q2/Check_Prime.vhd Line: 44
Info (12128): Elaborating entity "AND_2" for hierarchy "Add_Subtract_Primes:add_instance|Check_Prime:logical1|AND_3:and1|AND_2:and1" File: /home/iamprasann/Desktop/EE214/Lab4/Q2/AND_3.vhd Line: 27
Info (12128): Elaborating entity "OR_4" for hierarchy "Add_Subtract_Primes:add_instance|Check_Prime:logical1|OR_4:or_final" File: /home/iamprasann/Desktop/EE214/Lab4/Q2/Check_Prime.vhd Line: 56
Info (12128): Elaborating entity "OR_2" for hierarchy "Add_Subtract_Primes:add_instance|Check_Prime:logical1|OR_4:or_final|OR_2:or1" File: /home/iamprasann/Desktop/EE214/Lab4/Q2/OR_4.vhd Line: 27
Info (12128): Elaborating entity "TwosComp" for hierarchy "Add_Subtract_Primes:add_instance|TwosComp:minus_b" File: /home/iamprasann/Desktop/EE214/Lab4/Q2/Add_Subtract_Primes.vhd Line: 49
Warning (10036): Verilog HDL or VHDL warning at TwosComp.vhd(27): object "ExtraCarry" assigned a value but never read File: /home/iamprasann/Desktop/EE214/Lab4/Q2/TwosComp.vhd Line: 27
Info (12128): Elaborating entity "Four_Bit_Adder" for hierarchy "Add_Subtract_Primes:add_instance|TwosComp:minus_b|Four_Bit_Adder:final_comp" File: /home/iamprasann/Desktop/EE214/Lab4/Q2/TwosComp.vhd Line: 40
Info (12128): Elaborating entity "Full_Adder" for hierarchy "Add_Subtract_Primes:add_instance|TwosComp:minus_b|Four_Bit_Adder:final_comp|Full_Adder:fa0" File: /home/iamprasann/Desktop/EE214/Lab4/Q2/Four_Bit_Adder.vhd Line: 29
Info (12128): Elaborating entity "HALF_ADDER" for hierarchy "Add_Subtract_Primes:add_instance|TwosComp:minus_b|Four_Bit_Adder:final_comp|Full_Adder:fa0|HALF_ADDER:ha" File: /home/iamprasann/Desktop/EE214/Lab4/Q2/FullAdder.vhd Line: 16
Info (12128): Elaborating entity "XOR_2" for hierarchy "Add_Subtract_Primes:add_instance|TwosComp:minus_b|Four_Bit_Adder:final_comp|Full_Adder:fa0|XOR_2:x1" File: /home/iamprasann/Desktop/EE214/Lab4/Q2/FullAdder.vhd Line: 24
Info (12128): Elaborating entity "FourIPMUX" for hierarchy "Add_Subtract_Primes:add_instance|FourIPMUX:mux1" File: /home/iamprasann/Desktop/EE214/Lab4/Q2/Add_Subtract_Primes.vhd Line: 58
Info (12128): Elaborating entity "AND_4" for hierarchy "Add_Subtract_Primes:add_instance|FourIPMUX:mux1|AND_4:and1" File: /home/iamprasann/Desktop/EE214/Lab4/Q2/FourMUX.vhd Line: 40
Info: Quartus Prime Analysis & Elaboration was successful. 0 errors, 2 warnings
    Info: Peak virtual memory: 746 megabytes
    Info: Processing ended: Wed Feb 10 17:05:32 2021
    Info: Elapsed time: 00:00:09
    Info: Total CPU time (on all processors): 00:00:25


