Analysis & Synthesis report for DUT
Wed Feb 17 14:49:50 2021
Quartus Prime Version 20.1.1 Build 720 11/11/2020 SJ Lite Edition


---------------------
; Table of Contents ;
---------------------
  1. Legal Notice
  2. Analysis & Synthesis Summary
  3. Analysis & Synthesis Settings
  4. Parallel Compilation
  5. Analysis & Synthesis Source Files Read
  6. Analysis & Synthesis Resource Usage Summary
  7. Analysis & Synthesis Resource Utilization by Entity
  8. State Machine - |TopLevel|Scan_Chain:scan_instance|current_state
  9. General Register Statistics
 10. Multiplexer Restructuring Statistics (Restructuring Performed)
 11. Parameter Settings for User Entity Instance: Scan_Chain:scan_instance
 12. Parameter Settings for User Entity Instance: Scan_Chain:scan_instance|Scan_Reg:In_Reg
 13. Parameter Settings for User Entity Instance: Scan_Chain:scan_instance|Scan_Reg:Out_Reg
 14. Port Connectivity Checks: "DUT:dut_instance|Add_Subtract_Primes:add_instance|FourIPMUX:mux5"
 15. Port Connectivity Checks: "DUT:dut_instance|Add_Subtract_Primes:add_instance|FourIPMUX:mux4"
 16. Port Connectivity Checks: "DUT:dut_instance|Add_Subtract_Primes:add_instance|FourIPMUX:mux3"
 17. Port Connectivity Checks: "DUT:dut_instance|Add_Subtract_Primes:add_instance|FourIPMUX:mux2"
 18. Port Connectivity Checks: "DUT:dut_instance|Add_Subtract_Primes:add_instance|FourIPMUX:mux1|AND_4:and4"
 19. Port Connectivity Checks: "DUT:dut_instance|Add_Subtract_Primes:add_instance|FourIPMUX:mux1|AND_4:and3"
 20. Port Connectivity Checks: "DUT:dut_instance|Add_Subtract_Primes:add_instance|FourIPMUX:mux1|AND_4:and2"
 21. Port Connectivity Checks: "DUT:dut_instance|Add_Subtract_Primes:add_instance|FourIPMUX:mux1|AND_4:and1"
 22. Port Connectivity Checks: "DUT:dut_instance|Add_Subtract_Primes:add_instance|FourIPMUX:mux1"
 23. Port Connectivity Checks: "DUT:dut_instance|Add_Subtract_Primes:add_instance|TwosComp:minus_b|Four_Bit_Adder:final_comp|Full_Adder:fa0"
 24. Port Connectivity Checks: "DUT:dut_instance|Add_Subtract_Primes:add_instance|TwosComp:minus_b|Four_Bit_Adder:final_comp"
 25. Port Connectivity Checks: "Scan_Chain:scan_instance|Scan_Reg:Out_Reg"
 26. Port Connectivity Checks: "Scan_Chain:scan_instance|Scan_Reg:In_Reg"
 27. Analysis & Synthesis Messages



----------------
; Legal Notice ;
----------------
Copyright (C) 2020  Intel Corporation. All rights reserved.
Your use of Intel Corporation's design tools, logic functions 
and other software and tools, and any partner logic 
functions, and any output files from any of the foregoing 
(including device programming or simulation files), and any 
associated documentation or information are expressly subject 
to the terms and conditions of the Intel Program License 
Subscription Agreement, the Intel Quartus Prime License Agreement,
the Intel FPGA IP License Agreement, or other applicable license
agreement, including, without limitation, that your use is for
the sole purpose of programming logic devices manufactured by
Intel and sold by Intel or its authorized distributors.  Please
refer to the applicable agreement for further details, at
https://fpgasoftware.intel.com/eula.



+---------------------------------------------------------------------------+
; Analysis & Synthesis Summary                                              ;
+-----------------------------+---------------------------------------------+
; Analysis & Synthesis Status ; Successful - Wed Feb 17 14:49:50 2021       ;
; Quartus Prime Version       ; 20.1.1 Build 720 11/11/2020 SJ Lite Edition ;
; Revision Name               ; DUT                                         ;
; Top-level Entity Name       ; TopLevel                                    ;
; Family                      ; MAX V                                       ;
; Total logic elements        ; 72                                          ;
; Total pins                  ; 5                                           ;
; Total virtual pins          ; 0                                           ;
; UFM blocks                  ; 0 / 1 ( 0 % )                               ;
+-----------------------------+---------------------------------------------+


+------------------------------------------------------------------------------------------------------------+
; Analysis & Synthesis Settings                                                                              ;
+------------------------------------------------------------------+--------------------+--------------------+
; Option                                                           ; Setting            ; Default Value      ;
+------------------------------------------------------------------+--------------------+--------------------+
; Device                                                           ; 5M1270ZT144C5      ;                    ;
; Top-level entity name                                            ; TopLevel           ; DUT                ;
; Family name                                                      ; MAX V              ; Cyclone V          ;
; Use smart compilation                                            ; Off                ; Off                ;
; Enable parallel Assembler and Timing Analyzer during compilation ; On                 ; On                 ;
; Enable compact report table                                      ; Off                ; Off                ;
; Restructure Multiplexers                                         ; Auto               ; Auto               ;
; Create Debugging Nodes for IP Cores                              ; Off                ; Off                ;
; Preserve fewer node names                                        ; On                 ; On                 ;
; Intel FPGA IP Evaluation Mode                                    ; Enable             ; Enable             ;
; Verilog Version                                                  ; Verilog_2001       ; Verilog_2001       ;
; VHDL Version                                                     ; VHDL_1993          ; VHDL_1993          ;
; State Machine Processing                                         ; Auto               ; Auto               ;
; Safe State Machine                                               ; Off                ; Off                ;
; Extract Verilog State Machines                                   ; On                 ; On                 ;
; Extract VHDL State Machines                                      ; On                 ; On                 ;
; Ignore Verilog initial constructs                                ; Off                ; Off                ;
; Iteration limit for constant Verilog loops                       ; 5000               ; 5000               ;
; Iteration limit for non-constant Verilog loops                   ; 250                ; 250                ;
; Add Pass-Through Logic to Inferred RAMs                          ; On                 ; On                 ;
; Infer RAMs from Raw Logic                                        ; On                 ; On                 ;
; Parallel Synthesis                                               ; On                 ; On                 ;
; NOT Gate Push-Back                                               ; On                 ; On                 ;
; Power-Up Don't Care                                              ; On                 ; On                 ;
; Remove Redundant Logic Cells                                     ; Off                ; Off                ;
; Remove Duplicate Registers                                       ; On                 ; On                 ;
; Ignore CARRY Buffers                                             ; Off                ; Off                ;
; Ignore CASCADE Buffers                                           ; Off                ; Off                ;
; Ignore GLOBAL Buffers                                            ; Off                ; Off                ;
; Ignore ROW GLOBAL Buffers                                        ; Off                ; Off                ;
; Ignore LCELL Buffers                                             ; Off                ; Off                ;
; Ignore SOFT Buffers                                              ; On                 ; On                 ;
; Limit AHDL Integers to 32 Bits                                   ; Off                ; Off                ;
; Optimization Technique                                           ; Balanced           ; Balanced           ;
; Carry Chain Length                                               ; 70                 ; 70                 ;
; Auto Carry Chains                                                ; On                 ; On                 ;
; Auto Open-Drain Pins                                             ; On                 ; On                 ;
; Perform WYSIWYG Primitive Resynthesis                            ; Off                ; Off                ;
; Auto Shift Register Replacement                                  ; Auto               ; Auto               ;
; Allow Shift Register Merging across Hierarchies                  ; Auto               ; Auto               ;
; Auto Clock Enable Replacement                                    ; On                 ; On                 ;
; Allow Synchronous Control Signals                                ; On                 ; On                 ;
; Force Use of Synchronous Clear Signals                           ; Off                ; Off                ;
; Auto Resource Sharing                                            ; Off                ; Off                ;
; Use LogicLock Constraints during Resource Balancing              ; On                 ; On                 ;
; Ignore translate_off and synthesis_off directives                ; Off                ; Off                ;
; Report Parameter Settings                                        ; On                 ; On                 ;
; Report Source Assignments                                        ; On                 ; On                 ;
; Report Connectivity Checks                                       ; On                 ; On                 ;
; Ignore Maximum Fan-Out Assignments                               ; Off                ; Off                ;
; Synchronization Register Chain Length                            ; 2                  ; 2                  ;
; Power Optimization During Synthesis                              ; Normal compilation ; Normal compilation ;
; HDL message level                                                ; Level2             ; Level2             ;
; Suppress Register Optimization Related Messages                  ; Off                ; Off                ;
; Number of Removed Registers Reported in Synthesis Report         ; 5000               ; 5000               ;
; Number of Swept Nodes Reported in Synthesis Report               ; 5000               ; 5000               ;
; Number of Inverted Registers Reported in Synthesis Report        ; 100                ; 100                ;
; Clock MUX Protection                                             ; On                 ; On                 ;
; Block Design Naming                                              ; Auto               ; Auto               ;
; Synthesis Effort                                                 ; Auto               ; Auto               ;
; Shift Register Replacement - Allow Asynchronous Clear Signal     ; On                 ; On                 ;
; Analysis & Synthesis Message Level                               ; Medium             ; Medium             ;
; Disable Register Merging Across Hierarchies                      ; Auto               ; Auto               ;
+------------------------------------------------------------------+--------------------+--------------------+


+------------------------------------------+
; Parallel Compilation                     ;
+----------------------------+-------------+
; Processors                 ; Number      ;
+----------------------------+-------------+
; Number detected on machine ; 8           ;
; Maximum allowed            ; 4           ;
;                            ;             ;
; Average used               ; 1.00        ;
; Maximum used               ; 1           ;
;                            ;             ;
; Usage by Processor         ; % Time Used ;
;     Processor 1            ; 100.0%      ;
+----------------------------+-------------+


+-------------------------------------------------------------------------------------------------------------------------------------------------+
; Analysis & Synthesis Source Files Read                                                                                                          ;
+----------------------------------+-----------------+-----------------+----------------------------------------------------------------+---------+
; File Name with User-Entered Path ; Used in Netlist ; File Type       ; File Name with Absolute Path                                   ; Library ;
+----------------------------------+-----------------+-----------------+----------------------------------------------------------------+---------+
; TopLevel.vhdl                    ; yes             ; User VHDL File  ; /home/iamprasann/Desktop/EE214/Lab4/Q2/TopLevel.vhdl           ;         ;
; scan_chain.vhdl                  ; yes             ; User VHDL File  ; /home/iamprasann/Desktop/EE214/Lab4/Q2/scan_chain.vhdl         ;         ;
; scan_reg.vhdl                    ; yes             ; User VHDL File  ; /home/iamprasann/Desktop/EE214/Lab4/Q2/scan_reg.vhdl           ;         ;
; OR_4.vhd                         ; yes             ; User VHDL File  ; /home/iamprasann/Desktop/EE214/Lab4/Q2/OR_4.vhd                ;         ;
; Gates.vhd                        ; yes             ; User VHDL File  ; /home/iamprasann/Desktop/EE214/Lab4/Q2/Gates.vhd               ;         ;
; DUT.vhd                          ; yes             ; User VHDL File  ; /home/iamprasann/Desktop/EE214/Lab4/Q2/DUT.vhd                 ;         ;
; Check_Prime.vhd                  ; yes             ; User VHDL File  ; /home/iamprasann/Desktop/EE214/Lab4/Q2/Check_Prime.vhd         ;         ;
; AND_3.vhd                        ; yes             ; User VHDL File  ; /home/iamprasann/Desktop/EE214/Lab4/Q2/AND_3.vhd               ;         ;
; Four_Bit_Adder.vhd               ; yes             ; User VHDL File  ; /home/iamprasann/Desktop/EE214/Lab4/Q2/Four_Bit_Adder.vhd      ;         ;
; FullAdder.vhd                    ; yes             ; User VHDL File  ; /home/iamprasann/Desktop/EE214/Lab4/Q2/FullAdder.vhd           ;         ;
; Add_Subtract_Primes.vhd          ; yes             ; User VHDL File  ; /home/iamprasann/Desktop/EE214/Lab4/Q2/Add_Subtract_Primes.vhd ;         ;
; FourMUX.vhd                      ; yes             ; User VHDL File  ; /home/iamprasann/Desktop/EE214/Lab4/Q2/FourMUX.vhd             ;         ;
; AND_4.vhd                        ; yes             ; User VHDL File  ; /home/iamprasann/Desktop/EE214/Lab4/Q2/AND_4.vhd               ;         ;
; TwosComp.vhd                     ; yes             ; User VHDL File  ; /home/iamprasann/Desktop/EE214/Lab4/Q2/TwosComp.vhd            ;         ;
+----------------------------------+-----------------+-----------------+----------------------------------------------------------------+---------+


+-----------------------------------------------------+
; Analysis & Synthesis Resource Usage Summary         ;
+---------------------------------------------+-------+
; Resource                                    ; Usage ;
+---------------------------------------------+-------+
; Total logic elements                        ; 72    ;
;     -- Combinational with no register       ; 44    ;
;     -- Register only                        ; 5     ;
;     -- Combinational with a register        ; 23    ;
;                                             ;       ;
; Logic element usage by number of LUT inputs ;       ;
;     -- 4 input functions                    ; 36    ;
;     -- 3 input functions                    ; 17    ;
;     -- 2 input functions                    ; 14    ;
;     -- 1 input functions                    ; 0     ;
;     -- 0 input functions                    ; 0     ;
;                                             ;       ;
; Logic elements by mode                      ;       ;
;     -- normal mode                          ; 72    ;
;     -- arithmetic mode                      ; 0     ;
;     -- qfbk mode                            ; 0     ;
;     -- register cascade mode                ; 0     ;
;     -- synchronous clear/load mode          ; 7     ;
;     -- asynchronous clear/load mode         ; 5     ;
;                                             ;       ;
; Total registers                             ; 28    ;
; I/O pins                                    ; 5     ;
; Maximum fan-out node                        ; TRST  ;
; Maximum fan-out                             ; 51    ;
; Total fan-out                               ; 288   ;
; Average fan-out                             ; 3.74  ;
+---------------------------------------------+-------+


+---------------------------------------------------------------------------------------------------------------------------------------------------------------------------------------------------------------------------------------------------------------------------------------------------------------------------------------------------------------------+
; Analysis & Synthesis Resource Utilization by Entity                                                                                                                                                                                                                                                                                                                 ;
+------------------------------------------+-------------+--------------+------------+------+--------------+--------------+-------------------+------------------+-----------------+------------+--------------------------------------------------------------------------------------------------------------------------------+---------------------+--------------+
; Compilation Hierarchy Node               ; Logic Cells ; LC Registers ; UFM Blocks ; Pins ; Virtual Pins ; LUT-Only LCs ; Register-Only LCs ; LUT/Register LCs ; Carry Chain LCs ; Packed LCs ; Full Hierarchy Name                                                                                                            ; Entity Name         ; Library Name ;
+------------------------------------------+-------------+--------------+------------+------+--------------+--------------+-------------------+------------------+-----------------+------------+--------------------------------------------------------------------------------------------------------------------------------+---------------------+--------------+
; |TopLevel                                ; 72 (0)      ; 28           ; 0          ; 5    ; 0            ; 44 (0)       ; 5 (0)             ; 23 (0)           ; 0 (0)           ; 0 (0)      ; |TopLevel                                                                                                                      ; TopLevel            ; work         ;
;    |DUT:dut_instance|                    ; 23 (0)      ; 0            ; 0          ; 0    ; 0            ; 23 (0)       ; 0 (0)             ; 0 (0)            ; 0 (0)           ; 0 (0)      ; |TopLevel|DUT:dut_instance                                                                                                     ; DUT                 ; work         ;
;       |Add_Subtract_Primes:add_instance| ; 23 (0)      ; 0            ; 0          ; 0    ; 0            ; 23 (0)       ; 0 (0)             ; 0 (0)            ; 0 (0)           ; 0 (0)      ; |TopLevel|DUT:dut_instance|Add_Subtract_Primes:add_instance                                                                    ; Add_Subtract_Primes ; work         ;
;          |Check_Prime:logical1|          ; 2 (0)       ; 0            ; 0          ; 0    ; 0            ; 2 (0)        ; 0 (0)             ; 0 (0)            ; 0 (0)           ; 0 (0)      ; |TopLevel|DUT:dut_instance|Add_Subtract_Primes:add_instance|Check_Prime:logical1                                               ; Check_Prime         ; work         ;
;             |OR_4:or_final|              ; 2 (0)       ; 0            ; 0          ; 0    ; 0            ; 2 (0)        ; 0 (0)             ; 0 (0)            ; 0 (0)           ; 0 (0)      ; |TopLevel|DUT:dut_instance|Add_Subtract_Primes:add_instance|Check_Prime:logical1|OR_4:or_final                                 ; OR_4                ; work         ;
;                |OR_2:or_final|           ; 2 (2)       ; 0            ; 0          ; 0    ; 0            ; 2 (2)        ; 0 (0)             ; 0 (0)            ; 0 (0)           ; 0 (0)      ; |TopLevel|DUT:dut_instance|Add_Subtract_Primes:add_instance|Check_Prime:logical1|OR_4:or_final|OR_2:or_final                   ; OR_2                ; work         ;
;          |Check_Prime:logical2|          ; 2 (0)       ; 0            ; 0          ; 0    ; 0            ; 2 (0)        ; 0 (0)             ; 0 (0)            ; 0 (0)           ; 0 (0)      ; |TopLevel|DUT:dut_instance|Add_Subtract_Primes:add_instance|Check_Prime:logical2                                               ; Check_Prime         ; work         ;
;             |OR_4:or_final|              ; 2 (0)       ; 0            ; 0          ; 0    ; 0            ; 2 (0)        ; 0 (0)             ; 0 (0)            ; 0 (0)           ; 0 (0)      ; |TopLevel|DUT:dut_instance|Add_Subtract_Primes:add_instance|Check_Prime:logical2|OR_4:or_final                                 ; OR_4                ; work         ;
;                |OR_2:or_final|           ; 2 (2)       ; 0            ; 0          ; 0    ; 0            ; 2 (2)        ; 0 (0)             ; 0 (0)            ; 0 (0)           ; 0 (0)      ; |TopLevel|DUT:dut_instance|Add_Subtract_Primes:add_instance|Check_Prime:logical2|OR_4:or_final|OR_2:or_final                   ; OR_2                ; work         ;
;          |FourIPMUX:mux3|                ; 1 (0)       ; 0            ; 0          ; 0    ; 0            ; 1 (0)        ; 0 (0)             ; 0 (0)            ; 0 (0)           ; 0 (0)      ; |TopLevel|DUT:dut_instance|Add_Subtract_Primes:add_instance|FourIPMUX:mux3                                                     ; FourIPMUX           ; work         ;
;             |AND_4:and2|                 ; 1 (0)       ; 0            ; 0          ; 0    ; 0            ; 1 (0)        ; 0 (0)             ; 0 (0)            ; 0 (0)           ; 0 (0)      ; |TopLevel|DUT:dut_instance|Add_Subtract_Primes:add_instance|FourIPMUX:mux3|AND_4:and2                                          ; AND_4               ; work         ;
;                |AND_2:and1|              ; 1 (1)       ; 0            ; 0          ; 0    ; 0            ; 1 (1)        ; 0 (0)             ; 0 (0)            ; 0 (0)           ; 0 (0)      ; |TopLevel|DUT:dut_instance|Add_Subtract_Primes:add_instance|FourIPMUX:mux3|AND_4:and2|AND_2:and1                               ; AND_2               ; work         ;
;          |FourIPMUX:mux4|                ; 1 (0)       ; 0            ; 0          ; 0    ; 0            ; 1 (0)        ; 0 (0)             ; 0 (0)            ; 0 (0)           ; 0 (0)      ; |TopLevel|DUT:dut_instance|Add_Subtract_Primes:add_instance|FourIPMUX:mux4                                                     ; FourIPMUX           ; work         ;
;             |AND_4:and2|                 ; 1 (0)       ; 0            ; 0          ; 0    ; 0            ; 1 (0)        ; 0 (0)             ; 0 (0)            ; 0 (0)           ; 0 (0)      ; |TopLevel|DUT:dut_instance|Add_Subtract_Primes:add_instance|FourIPMUX:mux4|AND_4:and2                                          ; AND_4               ; work         ;
;                |AND_2:and1|              ; 1 (1)       ; 0            ; 0          ; 0    ; 0            ; 1 (1)        ; 0 (0)             ; 0 (0)            ; 0 (0)           ; 0 (0)      ; |TopLevel|DUT:dut_instance|Add_Subtract_Primes:add_instance|FourIPMUX:mux4|AND_4:and2|AND_2:and1                               ; AND_2               ; work         ;
;          |FourIPMUX:mux5|                ; 1 (0)       ; 0            ; 0          ; 0    ; 0            ; 1 (0)        ; 0 (0)             ; 0 (0)            ; 0 (0)           ; 0 (0)      ; |TopLevel|DUT:dut_instance|Add_Subtract_Primes:add_instance|FourIPMUX:mux5                                                     ; FourIPMUX           ; work         ;
;             |AND_4:and2|                 ; 1 (0)       ; 0            ; 0          ; 0    ; 0            ; 1 (0)        ; 0 (0)             ; 0 (0)            ; 0 (0)           ; 0 (0)      ; |TopLevel|DUT:dut_instance|Add_Subtract_Primes:add_instance|FourIPMUX:mux5|AND_4:and2                                          ; AND_4               ; work         ;
;                |AND_2:and1|              ; 1 (1)       ; 0            ; 0          ; 0    ; 0            ; 1 (1)        ; 0 (0)             ; 0 (0)            ; 0 (0)           ; 0 (0)      ; |TopLevel|DUT:dut_instance|Add_Subtract_Primes:add_instance|FourIPMUX:mux5|AND_4:and2|AND_2:and1                               ; AND_2               ; work         ;
;          |Four_Bit_Adder:add|            ; 6 (0)       ; 0            ; 0          ; 0    ; 0            ; 6 (0)        ; 0 (0)             ; 0 (0)            ; 0 (0)           ; 0 (0)      ; |TopLevel|DUT:dut_instance|Add_Subtract_Primes:add_instance|Four_Bit_Adder:add                                                 ; Four_Bit_Adder      ; work         ;
;             |Full_Adder:fa0|             ; 1 (0)       ; 0            ; 0          ; 0    ; 0            ; 1 (0)        ; 0 (0)             ; 0 (0)            ; 0 (0)           ; 0 (0)      ; |TopLevel|DUT:dut_instance|Add_Subtract_Primes:add_instance|Four_Bit_Adder:add|Full_Adder:fa0                                  ; Full_Adder          ; work         ;
;                |HALF_ADDER:ha|           ; 1 (1)       ; 0            ; 0          ; 0    ; 0            ; 1 (1)        ; 0 (0)             ; 0 (0)            ; 0 (0)           ; 0 (0)      ; |TopLevel|DUT:dut_instance|Add_Subtract_Primes:add_instance|Four_Bit_Adder:add|Full_Adder:fa0|HALF_ADDER:ha                    ; HALF_ADDER          ; work         ;
;             |Full_Adder:fa1|             ; 1 (0)       ; 0            ; 0          ; 0    ; 0            ; 1 (0)        ; 0 (0)             ; 0 (0)            ; 0 (0)           ; 0 (0)      ; |TopLevel|DUT:dut_instance|Add_Subtract_Primes:add_instance|Four_Bit_Adder:add|Full_Adder:fa1                                  ; Full_Adder          ; work         ;
;                |OR_2:o1|                 ; 1 (1)       ; 0            ; 0          ; 0    ; 0            ; 1 (1)        ; 0 (0)             ; 0 (0)            ; 0 (0)           ; 0 (0)      ; |TopLevel|DUT:dut_instance|Add_Subtract_Primes:add_instance|Four_Bit_Adder:add|Full_Adder:fa1|OR_2:o1                          ; OR_2                ; work         ;
;             |Full_Adder:fa2|             ; 2 (0)       ; 0            ; 0          ; 0    ; 0            ; 2 (0)        ; 0 (0)             ; 0 (0)            ; 0 (0)           ; 0 (0)      ; |TopLevel|DUT:dut_instance|Add_Subtract_Primes:add_instance|Four_Bit_Adder:add|Full_Adder:fa2                                  ; Full_Adder          ; work         ;
;                |OR_2:o1|                 ; 1 (1)       ; 0            ; 0          ; 0    ; 0            ; 1 (1)        ; 0 (0)             ; 0 (0)            ; 0 (0)           ; 0 (0)      ; |TopLevel|DUT:dut_instance|Add_Subtract_Primes:add_instance|Four_Bit_Adder:add|Full_Adder:fa2|OR_2:o1                          ; OR_2                ; work         ;
;                |XOR_2:x1|                ; 1 (1)       ; 0            ; 0          ; 0    ; 0            ; 1 (1)        ; 0 (0)             ; 0 (0)            ; 0 (0)           ; 0 (0)      ; |TopLevel|DUT:dut_instance|Add_Subtract_Primes:add_instance|Four_Bit_Adder:add|Full_Adder:fa2|XOR_2:x1                         ; XOR_2               ; work         ;
;             |Full_Adder:fa3|             ; 2 (0)       ; 0            ; 0          ; 0    ; 0            ; 2 (0)        ; 0 (0)             ; 0 (0)            ; 0 (0)           ; 0 (0)      ; |TopLevel|DUT:dut_instance|Add_Subtract_Primes:add_instance|Four_Bit_Adder:add|Full_Adder:fa3                                  ; Full_Adder          ; work         ;
;                |OR_2:o1|                 ; 1 (1)       ; 0            ; 0          ; 0    ; 0            ; 1 (1)        ; 0 (0)             ; 0 (0)            ; 0 (0)           ; 0 (0)      ; |TopLevel|DUT:dut_instance|Add_Subtract_Primes:add_instance|Four_Bit_Adder:add|Full_Adder:fa3|OR_2:o1                          ; OR_2                ; work         ;
;                |XOR_2:x1|                ; 1 (1)       ; 0            ; 0          ; 0    ; 0            ; 1 (1)        ; 0 (0)             ; 0 (0)            ; 0 (0)           ; 0 (0)      ; |TopLevel|DUT:dut_instance|Add_Subtract_Primes:add_instance|Four_Bit_Adder:add|Full_Adder:fa3|XOR_2:x1                         ; XOR_2               ; work         ;
;          |Four_Bit_Adder:sub|            ; 8 (0)       ; 0            ; 0          ; 0    ; 0            ; 8 (0)        ; 0 (0)             ; 0 (0)            ; 0 (0)           ; 0 (0)      ; |TopLevel|DUT:dut_instance|Add_Subtract_Primes:add_instance|Four_Bit_Adder:sub                                                 ; Four_Bit_Adder      ; work         ;
;             |Full_Adder:fa1|             ; 4 (0)       ; 0            ; 0          ; 0    ; 0            ; 4 (0)        ; 0 (0)             ; 0 (0)            ; 0 (0)           ; 0 (0)      ; |TopLevel|DUT:dut_instance|Add_Subtract_Primes:add_instance|Four_Bit_Adder:sub|Full_Adder:fa1                                  ; Full_Adder          ; work         ;
;                |OR_2:o1|                 ; 2 (2)       ; 0            ; 0          ; 0    ; 0            ; 2 (2)        ; 0 (0)             ; 0 (0)            ; 0 (0)           ; 0 (0)      ; |TopLevel|DUT:dut_instance|Add_Subtract_Primes:add_instance|Four_Bit_Adder:sub|Full_Adder:fa1|OR_2:o1                          ; OR_2                ; work         ;
;                |XOR_2:x1|                ; 2 (2)       ; 0            ; 0          ; 0    ; 0            ; 2 (2)        ; 0 (0)             ; 0 (0)            ; 0 (0)           ; 0 (0)      ; |TopLevel|DUT:dut_instance|Add_Subtract_Primes:add_instance|Four_Bit_Adder:sub|Full_Adder:fa1|XOR_2:x1                         ; XOR_2               ; work         ;
;             |Full_Adder:fa2|             ; 2 (0)       ; 0            ; 0          ; 0    ; 0            ; 2 (0)        ; 0 (0)             ; 0 (0)            ; 0 (0)           ; 0 (0)      ; |TopLevel|DUT:dut_instance|Add_Subtract_Primes:add_instance|Four_Bit_Adder:sub|Full_Adder:fa2                                  ; Full_Adder          ; work         ;
;                |OR_2:o1|                 ; 1 (1)       ; 0            ; 0          ; 0    ; 0            ; 1 (1)        ; 0 (0)             ; 0 (0)            ; 0 (0)           ; 0 (0)      ; |TopLevel|DUT:dut_instance|Add_Subtract_Primes:add_instance|Four_Bit_Adder:sub|Full_Adder:fa2|OR_2:o1                          ; OR_2                ; work         ;
;                |XOR_2:x1|                ; 1 (1)       ; 0            ; 0          ; 0    ; 0            ; 1 (1)        ; 0 (0)             ; 0 (0)            ; 0 (0)           ; 0 (0)      ; |TopLevel|DUT:dut_instance|Add_Subtract_Primes:add_instance|Four_Bit_Adder:sub|Full_Adder:fa2|XOR_2:x1                         ; XOR_2               ; work         ;
;             |Full_Adder:fa3|             ; 2 (0)       ; 0            ; 0          ; 0    ; 0            ; 2 (0)        ; 0 (0)             ; 0 (0)            ; 0 (0)           ; 0 (0)      ; |TopLevel|DUT:dut_instance|Add_Subtract_Primes:add_instance|Four_Bit_Adder:sub|Full_Adder:fa3                                  ; Full_Adder          ; work         ;
;                |OR_2:o1|                 ; 1 (1)       ; 0            ; 0          ; 0    ; 0            ; 1 (1)        ; 0 (0)             ; 0 (0)            ; 0 (0)           ; 0 (0)      ; |TopLevel|DUT:dut_instance|Add_Subtract_Primes:add_instance|Four_Bit_Adder:sub|Full_Adder:fa3|OR_2:o1                          ; OR_2                ; work         ;
;                |XOR_2:x1|                ; 1 (1)       ; 0            ; 0          ; 0    ; 0            ; 1 (1)        ; 0 (0)             ; 0 (0)            ; 0 (0)           ; 0 (0)      ; |TopLevel|DUT:dut_instance|Add_Subtract_Primes:add_instance|Four_Bit_Adder:sub|Full_Adder:fa3|XOR_2:x1                         ; XOR_2               ; work         ;
;          |TwosComp:minus_b|              ; 2 (0)       ; 0            ; 0          ; 0    ; 0            ; 2 (0)        ; 0 (0)             ; 0 (0)            ; 0 (0)           ; 0 (0)      ; |TopLevel|DUT:dut_instance|Add_Subtract_Primes:add_instance|TwosComp:minus_b                                                   ; TwosComp            ; work         ;
;             |Four_Bit_Adder:final_comp|  ; 2 (0)       ; 0            ; 0          ; 0    ; 0            ; 2 (0)        ; 0 (0)             ; 0 (0)            ; 0 (0)           ; 0 (0)      ; |TopLevel|DUT:dut_instance|Add_Subtract_Primes:add_instance|TwosComp:minus_b|Four_Bit_Adder:final_comp                         ; Four_Bit_Adder      ; work         ;
;                |Full_Adder:fa1|          ; 1 (0)       ; 0            ; 0          ; 0    ; 0            ; 1 (0)        ; 0 (0)             ; 0 (0)            ; 0 (0)           ; 0 (0)      ; |TopLevel|DUT:dut_instance|Add_Subtract_Primes:add_instance|TwosComp:minus_b|Four_Bit_Adder:final_comp|Full_Adder:fa1          ; Full_Adder          ; work         ;
;                   |AND_2:a1|             ; 1 (1)       ; 0            ; 0          ; 0    ; 0            ; 1 (1)        ; 0 (0)             ; 0 (0)            ; 0 (0)           ; 0 (0)      ; |TopLevel|DUT:dut_instance|Add_Subtract_Primes:add_instance|TwosComp:minus_b|Four_Bit_Adder:final_comp|Full_Adder:fa1|AND_2:a1 ; AND_2               ; work         ;
;                |Full_Adder:fa2|          ; 1 (0)       ; 0            ; 0          ; 0    ; 0            ; 1 (0)        ; 0 (0)             ; 0 (0)            ; 0 (0)           ; 0 (0)      ; |TopLevel|DUT:dut_instance|Add_Subtract_Primes:add_instance|TwosComp:minus_b|Four_Bit_Adder:final_comp|Full_Adder:fa2          ; Full_Adder          ; work         ;
;                   |AND_2:a1|             ; 1 (1)       ; 0            ; 0          ; 0    ; 0            ; 1 (1)        ; 0 (0)             ; 0 (0)            ; 0 (0)           ; 0 (0)      ; |TopLevel|DUT:dut_instance|Add_Subtract_Primes:add_instance|TwosComp:minus_b|Four_Bit_Adder:final_comp|Full_Adder:fa2|AND_2:a1 ; AND_2               ; work         ;
;    |Scan_Chain:scan_instance|            ; 49 (7)      ; 28           ; 0          ; 0    ; 0            ; 21 (2)       ; 5 (1)             ; 23 (4)           ; 0 (0)           ; 0 (0)      ; |TopLevel|Scan_Chain:scan_instance                                                                                             ; Scan_Chain          ; work         ;
;       |Scan_Reg:In_Reg|                  ; 21 (21)     ; 16           ; 0          ; 0    ; 0            ; 5 (5)        ; 0 (0)             ; 16 (16)          ; 0 (0)           ; 0 (0)      ; |TopLevel|Scan_Chain:scan_instance|Scan_Reg:In_Reg                                                                             ; Scan_Reg            ; work         ;
;       |Scan_Reg:Out_Reg|                 ; 21 (21)     ; 7            ; 0          ; 0    ; 0            ; 14 (14)      ; 4 (4)             ; 3 (3)            ; 0 (0)           ; 0 (0)      ; |TopLevel|Scan_Chain:scan_instance|Scan_Reg:Out_Reg                                                                            ; Scan_Reg            ; work         ;
+------------------------------------------+-------------+--------------+------------+------+--------------+--------------+-------------------+------------------+-----------------+------------+--------------------------------------------------------------------------------------------------------------------------------+---------------------+--------------+
Note: For table entries with two numbers listed, the numbers in parentheses indicate the number of resources of the given type used by the specific entity alone. The numbers listed outside of parentheses indicate the total resources of the given type used by the specific entity and all of its sub-entities in the hierarchy.


Encoding Type:  One-Hot
+------------------------------------------------------------------------------------------------------------------------------------------------+
; State Machine - |TopLevel|Scan_Chain:scan_instance|current_state                                                                               ;
+-------------------------+------------------------+-----------------------+-------------------------+--------------------+----------------------+
; Name                    ; current_state.s_update ; current_state.s_shift ; current_state.s_capture ; current_state.s_DR ; current_state.s_idle ;
+-------------------------+------------------------+-----------------------+-------------------------+--------------------+----------------------+
; current_state.s_idle    ; 0                      ; 0                     ; 0                       ; 0                  ; 0                    ;
; current_state.s_DR      ; 0                      ; 0                     ; 0                       ; 1                  ; 1                    ;
; current_state.s_capture ; 0                      ; 0                     ; 1                       ; 0                  ; 1                    ;
; current_state.s_shift   ; 0                      ; 1                     ; 0                       ; 0                  ; 1                    ;
; current_state.s_update  ; 1                      ; 0                     ; 0                       ; 0                  ; 1                    ;
+-------------------------+------------------------+-----------------------+-------------------------+--------------------+----------------------+


+------------------------------------------------------+
; General Register Statistics                          ;
+----------------------------------------------+-------+
; Statistic                                    ; Value ;
+----------------------------------------------+-------+
; Total registers                              ; 28    ;
; Number of registers using Synchronous Clear  ; 7     ;
; Number of registers using Synchronous Load   ; 0     ;
; Number of registers using Asynchronous Clear ; 5     ;
; Number of registers using Asynchronous Load  ; 0     ;
; Number of registers using Clock Enable       ; 22    ;
; Number of registers using Preset             ; 0     ;
+----------------------------------------------+-------+


+-------------------------------------------------------------------------------------------------------------------------------------------------------------------------+
; Multiplexer Restructuring Statistics (Restructuring Performed)                                                                                                          ;
+--------------------+-----------+---------------+----------------------+------------------------+------------+-----------------------------------------------------------+
; Multiplexer Inputs ; Bus Width ; Baseline Area ; Area if Restructured ; Saving if Restructured ; Registered ; Example Multiplexer Output                                ;
+--------------------+-----------+---------------+----------------------+------------------------+------------+-----------------------------------------------------------+
; 3:1                ; 8 bits    ; 16 LEs        ; 8 LEs                ; 8 LEs                  ; Yes        ; |TopLevel|Scan_Chain:scan_instance|Scan_Reg:In_Reg|L2[1]  ;
; 4:1                ; 8 bits    ; 16 LEs        ; 8 LEs                ; 8 LEs                  ; Yes        ; |TopLevel|Scan_Chain:scan_instance|Scan_Reg:In_Reg|L1[6]  ;
; 4:1                ; 2 bits    ; 4 LEs         ; 4 LEs                ; 0 LEs                  ; Yes        ; |TopLevel|Scan_Chain:scan_instance|Scan_Reg:Out_Reg|L1[5] ;
; 6:1                ; 4 bits    ; 16 LEs        ; 12 LEs               ; 4 LEs                  ; Yes        ; |TopLevel|Scan_Chain:scan_instance|Scan_Reg:Out_Reg|L1[4] ;
+--------------------+-----------+---------------+----------------------+------------------------+------------+-----------------------------------------------------------+


+-----------------------------------------------------------------------+
; Parameter Settings for User Entity Instance: Scan_Chain:scan_instance ;
+----------------+-------+----------------------------------------------+
; Parameter Name ; Value ; Type                                         ;
+----------------+-------+----------------------------------------------+
; in_pins        ; 8     ; Signed Integer                               ;
; out_pins       ; 7     ; Signed Integer                               ;
+----------------+-------+----------------------------------------------+
Note: In order to hide this table in the UI and the text report file, please set the "Show Parameter Settings in Synthesis Report" option in "Analysis and Synthesis Settings -> More Settings" to "Off".


+---------------------------------------------------------------------------------------+
; Parameter Settings for User Entity Instance: Scan_Chain:scan_instance|Scan_Reg:In_Reg ;
+----------------+-------+--------------------------------------------------------------+
; Parameter Name ; Value ; Type                                                         ;
+----------------+-------+--------------------------------------------------------------+
; length         ; 8     ; Signed Integer                                               ;
+----------------+-------+--------------------------------------------------------------+
Note: In order to hide this table in the UI and the text report file, please set the "Show Parameter Settings in Synthesis Report" option in "Analysis and Synthesis Settings -> More Settings" to "Off".


+----------------------------------------------------------------------------------------+
; Parameter Settings for User Entity Instance: Scan_Chain:scan_instance|Scan_Reg:Out_Reg ;
+----------------+-------+---------------------------------------------------------------+
; Parameter Name ; Value ; Type                                                          ;
+----------------+-------+---------------------------------------------------------------+
; length         ; 7     ; Signed Integer                                                ;
+----------------+-------+---------------------------------------------------------------+
Note: In order to hide this table in the UI and the text report file, please set the "Show Parameter Settings in Synthesis Report" option in "Analysis and Synthesis Settings -> More Settings" to "Off".


+----------------------------------------------------------------------------------------------+
; Port Connectivity Checks: "DUT:dut_instance|Add_Subtract_Primes:add_instance|FourIPMUX:mux5" ;
+------+-------+----------+--------------------------------------------------------------------+
; Port ; Type  ; Severity ; Details                                                            ;
+------+-------+----------+--------------------------------------------------------------------+
; x1   ; Input ; Info     ; Stuck at GND                                                       ;
+------+-------+----------+--------------------------------------------------------------------+


+----------------------------------------------------------------------------------------------+
; Port Connectivity Checks: "DUT:dut_instance|Add_Subtract_Primes:add_instance|FourIPMUX:mux4" ;
+------+-------+----------+--------------------------------------------------------------------+
; Port ; Type  ; Severity ; Details                                                            ;
+------+-------+----------+--------------------------------------------------------------------+
; x1   ; Input ; Info     ; Stuck at GND                                                       ;
+------+-------+----------+--------------------------------------------------------------------+


+----------------------------------------------------------------------------------------------+
; Port Connectivity Checks: "DUT:dut_instance|Add_Subtract_Primes:add_instance|FourIPMUX:mux3" ;
+------+-------+----------+--------------------------------------------------------------------+
; Port ; Type  ; Severity ; Details                                                            ;
+------+-------+----------+--------------------------------------------------------------------+
; x1   ; Input ; Info     ; Stuck at GND                                                       ;
+------+-------+----------+--------------------------------------------------------------------+


+----------------------------------------------------------------------------------------------+
; Port Connectivity Checks: "DUT:dut_instance|Add_Subtract_Primes:add_instance|FourIPMUX:mux2" ;
+------+-------+----------+--------------------------------------------------------------------+
; Port ; Type  ; Severity ; Details                                                            ;
+------+-------+----------+--------------------------------------------------------------------+
; x1   ; Input ; Info     ; Stuck at GND                                                       ;
+------+-------+----------+--------------------------------------------------------------------+


+---------------------------------------------------------------------------------------------------------+
; Port Connectivity Checks: "DUT:dut_instance|Add_Subtract_Primes:add_instance|FourIPMUX:mux1|AND_4:and4" ;
+------+-------+----------+-------------------------------------------------------------------------------+
; Port ; Type  ; Severity ; Details                                                                       ;
+------+-------+----------+-------------------------------------------------------------------------------+
; d    ; Input ; Info     ; Stuck at VCC                                                                  ;
+------+-------+----------+-------------------------------------------------------------------------------+


+---------------------------------------------------------------------------------------------------------+
; Port Connectivity Checks: "DUT:dut_instance|Add_Subtract_Primes:add_instance|FourIPMUX:mux1|AND_4:and3" ;
+------+-------+----------+-------------------------------------------------------------------------------+
; Port ; Type  ; Severity ; Details                                                                       ;
+------+-------+----------+-------------------------------------------------------------------------------+
; d    ; Input ; Info     ; Stuck at VCC                                                                  ;
+------+-------+----------+-------------------------------------------------------------------------------+


+---------------------------------------------------------------------------------------------------------+
; Port Connectivity Checks: "DUT:dut_instance|Add_Subtract_Primes:add_instance|FourIPMUX:mux1|AND_4:and2" ;
+------+-------+----------+-------------------------------------------------------------------------------+
; Port ; Type  ; Severity ; Details                                                                       ;
+------+-------+----------+-------------------------------------------------------------------------------+
; d    ; Input ; Info     ; Stuck at VCC                                                                  ;
+------+-------+----------+-------------------------------------------------------------------------------+


+---------------------------------------------------------------------------------------------------------+
; Port Connectivity Checks: "DUT:dut_instance|Add_Subtract_Primes:add_instance|FourIPMUX:mux1|AND_4:and1" ;
+------+-------+----------+-------------------------------------------------------------------------------+
; Port ; Type  ; Severity ; Details                                                                       ;
+------+-------+----------+-------------------------------------------------------------------------------+
; d    ; Input ; Info     ; Stuck at VCC                                                                  ;
+------+-------+----------+-------------------------------------------------------------------------------+


+----------------------------------------------------------------------------------------------+
; Port Connectivity Checks: "DUT:dut_instance|Add_Subtract_Primes:add_instance|FourIPMUX:mux1" ;
+------+-------+----------+--------------------------------------------------------------------+
; Port ; Type  ; Severity ; Details                                                            ;
+------+-------+----------+--------------------------------------------------------------------+
; x1   ; Input ; Info     ; Stuck at GND                                                       ;
+------+-------+----------+--------------------------------------------------------------------+


+-----------------------------------------------------------------------------------------------------------------------------------------+
; Port Connectivity Checks: "DUT:dut_instance|Add_Subtract_Primes:add_instance|TwosComp:minus_b|Four_Bit_Adder:final_comp|Full_Adder:fa0" ;
+------+-------+----------+---------------------------------------------------------------------------------------------------------------+
; Port ; Type  ; Severity ; Details                                                                                                       ;
+------+-------+----------+---------------------------------------------------------------------------------------------------------------+
; cin  ; Input ; Info     ; Stuck at GND                                                                                                  ;
+------+-------+----------+---------------------------------------------------------------------------------------------------------------+


+--------------------------------------------------------------------------------------------------------------------------+
; Port Connectivity Checks: "DUT:dut_instance|Add_Subtract_Primes:add_instance|TwosComp:minus_b|Four_Bit_Adder:final_comp" ;
+------+--------+----------+-----------------------------------------------------------------------------------------------+
; Port ; Type   ; Severity ; Details                                                                                       ;
+------+--------+----------+-----------------------------------------------------------------------------------------------+
; b0   ; Input  ; Info     ; Stuck at VCC                                                                                  ;
; b1   ; Input  ; Info     ; Stuck at GND                                                                                  ;
; b2   ; Input  ; Info     ; Stuck at GND                                                                                  ;
; b3   ; Input  ; Info     ; Stuck at GND                                                                                  ;
; cout ; Output ; Info     ; Connected to dangling logic. Logic that only feeds a dangling port will be removed.           ;
+------+--------+----------+-----------------------------------------------------------------------------------------------+


+----------------------------------------------------------------------------------------------------------------+
; Port Connectivity Checks: "Scan_Chain:scan_instance|Scan_Reg:Out_Reg"                                          ;
+------+--------+----------+-------------------------------------------------------------------------------------+
; Port ; Type   ; Severity ; Details                                                                             ;
+------+--------+----------+-------------------------------------------------------------------------------------+
; po   ; Output ; Info     ; Connected to dangling logic. Logic that only feeds a dangling port will be removed. ;
+------+--------+----------+-------------------------------------------------------------------------------------+


+----------------------------------------------------------------------+
; Port Connectivity Checks: "Scan_Chain:scan_instance|Scan_Reg:In_Reg" ;
+------+-------+----------+--------------------------------------------+
; Port ; Type  ; Severity ; Details                                    ;
+------+-------+----------+--------------------------------------------+
; pi   ; Input ; Info     ; Stuck at GND                               ;
+------+-------+----------+--------------------------------------------+


+-------------------------------+
; Analysis & Synthesis Messages ;
+-------------------------------+
Info: *******************************************************************
Info: Running Quartus Prime Analysis & Synthesis
    Info: Version 20.1.1 Build 720 11/11/2020 SJ Lite Edition
    Info: Processing started: Wed Feb 17 14:49:34 2021
Info: Command: quartus_map --read_settings_files=on --write_settings_files=off Add_Subtract_Primes -c DUT
Warning (18236): Number of processors has not been specified which may cause overloading on shared machines.  Set the global assignment NUM_PARALLEL_PROCESSORS in your QSF to an appropriate value for best performance.
Info (20030): Parallel compilation is enabled and will use 4 of the 4 processors detected
Info (12021): Found 2 design units, including 1 entities, in source file TopLevel.vhdl
    Info (12022): Found design unit 1: TopLevel-Struct File: /home/iamprasann/Desktop/EE214/Lab4/Q2/TopLevel.vhdl Line: 21
    Info (12023): Found entity 1: TopLevel File: /home/iamprasann/Desktop/EE214/Lab4/Q2/TopLevel.vhdl Line: 11
Info (12021): Found 2 design units, including 1 entities, in source file scan_chain.vhdl
    Info (12022): Found design unit 1: Scan_Chain-behave File: /home/iamprasann/Desktop/EE214/Lab4/Q2/scan_chain.vhdl Line: 26
    Info (12023): Found entity 1: Scan_Chain File: /home/iamprasann/Desktop/EE214/Lab4/Q2/scan_chain.vhdl Line: 10
Info (12021): Found 2 design units, including 1 entities, in source file scan_reg.vhdl
    Info (12022): Found design unit 1: Scan_Reg-behave File: /home/iamprasann/Desktop/EE214/Lab4/Q2/scan_reg.vhdl Line: 26
    Info (12023): Found entity 1: Scan_Reg File: /home/iamprasann/Desktop/EE214/Lab4/Q2/scan_reg.vhdl Line: 10
Info (12021): Found 2 design units, including 1 entities, in source file Testbench.vhd
    Info (12022): Found design unit 1: Testbench-Behave File: /home/iamprasann/Desktop/EE214/Lab4/Q2/Testbench.vhd Line: 9
    Info (12023): Found entity 1: Testbench File: /home/iamprasann/Desktop/EE214/Lab4/Q2/Testbench.vhd Line: 7
Info (12021): Found 2 design units, including 1 entities, in source file OR_4.vhd
    Info (12022): Found design unit 1: OR_4-Struct File: /home/iamprasann/Desktop/EE214/Lab4/Q2/OR_4.vhd Line: 16
    Info (12023): Found entity 1: OR_4 File: /home/iamprasann/Desktop/EE214/Lab4/Q2/OR_4.vhd Line: 11
Info (12021): Found 17 design units, including 8 entities, in source file Gates.vhd
    Info (12022): Found design unit 1: Gates File: /home/iamprasann/Desktop/EE214/Lab4/Q2/Gates.vhd Line: 3
    Info (12022): Found design unit 2: INVERTER-Equations File: /home/iamprasann/Desktop/EE214/Lab4/Q2/Gates.vhd Line: 45
    Info (12022): Found design unit 3: AND_2-Equations File: /home/iamprasann/Desktop/EE214/Lab4/Q2/Gates.vhd Line: 57
    Info (12022): Found design unit 4: NAND_2-Equations File: /home/iamprasann/Desktop/EE214/Lab4/Q2/Gates.vhd Line: 68
    Info (12022): Found design unit 5: OR_2-Equations File: /home/iamprasann/Desktop/EE214/Lab4/Q2/Gates.vhd Line: 79
    Info (12022): Found design unit 6: NOR_2-Equations File: /home/iamprasann/Desktop/EE214/Lab4/Q2/Gates.vhd Line: 90
    Info (12022): Found design unit 7: XOR_2-Equations File: /home/iamprasann/Desktop/EE214/Lab4/Q2/Gates.vhd Line: 102
    Info (12022): Found design unit 8: XNOR_2-Equations File: /home/iamprasann/Desktop/EE214/Lab4/Q2/Gates.vhd Line: 113
    Info (12022): Found design unit 9: HALF_ADDER-Equations File: /home/iamprasann/Desktop/EE214/Lab4/Q2/Gates.vhd Line: 124
    Info (12023): Found entity 1: INVERTER File: /home/iamprasann/Desktop/EE214/Lab4/Q2/Gates.vhd Line: 41
    Info (12023): Found entity 2: AND_2 File: /home/iamprasann/Desktop/EE214/Lab4/Q2/Gates.vhd Line: 53
    Info (12023): Found entity 3: NAND_2 File: /home/iamprasann/Desktop/EE214/Lab4/Q2/Gates.vhd Line: 64
    Info (12023): Found entity 4: OR_2 File: /home/iamprasann/Desktop/EE214/Lab4/Q2/Gates.vhd Line: 75
    Info (12023): Found entity 5: NOR_2 File: /home/iamprasann/Desktop/EE214/Lab4/Q2/Gates.vhd Line: 86
    Info (12023): Found entity 6: XOR_2 File: /home/iamprasann/Desktop/EE214/Lab4/Q2/Gates.vhd Line: 98
    Info (12023): Found entity 7: XNOR_2 File: /home/iamprasann/Desktop/EE214/Lab4/Q2/Gates.vhd Line: 109
    Info (12023): Found entity 8: HALF_ADDER File: /home/iamprasann/Desktop/EE214/Lab4/Q2/Gates.vhd Line: 120
Info (12021): Found 2 design units, including 1 entities, in source file DUT.vhd
    Info (12022): Found design unit 1: DUT-DutWrap File: /home/iamprasann/Desktop/EE214/Lab4/Q2/DUT.vhd Line: 13
    Info (12023): Found entity 1: DUT File: /home/iamprasann/Desktop/EE214/Lab4/Q2/DUT.vhd Line: 7
Info (12021): Found 2 design units, including 1 entities, in source file Check_Prime.vhd
    Info (12022): Found design unit 1: Check_Prime-Struct File: /home/iamprasann/Desktop/EE214/Lab4/Q2/Check_Prime.vhd Line: 16
    Info (12023): Found entity 1: Check_Prime File: /home/iamprasann/Desktop/EE214/Lab4/Q2/Check_Prime.vhd Line: 11
Info (12021): Found 2 design units, including 1 entities, in source file AND_3.vhd
    Info (12022): Found design unit 1: AND_3-Struct File: /home/iamprasann/Desktop/EE214/Lab4/Q2/AND_3.vhd Line: 16
    Info (12023): Found entity 1: AND_3 File: /home/iamprasann/Desktop/EE214/Lab4/Q2/AND_3.vhd Line: 11
Info (12021): Found 2 design units, including 1 entities, in source file Four_Bit_Adder.vhd
    Info (12022): Found design unit 1: Four_Bit_Adder-Struct File: /home/iamprasann/Desktop/EE214/Lab4/Q2/Four_Bit_Adder.vhd Line: 16
    Info (12023): Found entity 1: Four_Bit_Adder File: /home/iamprasann/Desktop/EE214/Lab4/Q2/Four_Bit_Adder.vhd Line: 11
Info (12021): Found 2 design units, including 1 entities, in source file FullAdder.vhd
    Info (12022): Found design unit 1: Full_Adder-Struct File: /home/iamprasann/Desktop/EE214/Lab4/Q2/FullAdder.vhd Line: 12
    Info (12023): Found entity 1: Full_Adder File: /home/iamprasann/Desktop/EE214/Lab4/Q2/FullAdder.vhd Line: 8
Info (12021): Found 2 design units, including 1 entities, in source file Add_Subtract_Primes.vhd
    Info (12022): Found design unit 1: Add_Subtract_Primes-Struct File: /home/iamprasann/Desktop/EE214/Lab4/Q2/Add_Subtract_Primes.vhd Line: 16
    Info (12023): Found entity 1: Add_Subtract_Primes File: /home/iamprasann/Desktop/EE214/Lab4/Q2/Add_Subtract_Primes.vhd Line: 11
Info (12021): Found 2 design units, including 1 entities, in source file FourMUX.vhd
    Info (12022): Found design unit 1: FourIPMUX-Struct File: /home/iamprasann/Desktop/EE214/Lab4/Q2/FourMUX.vhd Line: 16
    Info (12023): Found entity 1: FourIPMUX File: /home/iamprasann/Desktop/EE214/Lab4/Q2/FourMUX.vhd Line: 11
Info (12021): Found 2 design units, including 1 entities, in source file AND_4.vhd
    Info (12022): Found design unit 1: AND_4-Struct File: /home/iamprasann/Desktop/EE214/Lab4/Q2/AND_4.vhd Line: 16
    Info (12023): Found entity 1: AND_4 File: /home/iamprasann/Desktop/EE214/Lab4/Q2/AND_4.vhd Line: 11
Info (12021): Found 2 design units, including 1 entities, in source file TwosComp.vhd
    Info (12022): Found design unit 1: TwosComp-Struct File: /home/iamprasann/Desktop/EE214/Lab4/Q2/TwosComp.vhd Line: 16
    Info (12023): Found entity 1: TwosComp File: /home/iamprasann/Desktop/EE214/Lab4/Q2/TwosComp.vhd Line: 11
Info (12127): Elaborating entity "TopLevel" for the top level hierarchy
Info (12128): Elaborating entity "Scan_Chain" for hierarchy "Scan_Chain:scan_instance" File: /home/iamprasann/Desktop/EE214/Lab4/Q2/TopLevel.vhdl Line: 64
Warning (10036): Verilog HDL or VHDL warning at scan_chain.vhdl(46): object "unused" assigned a value but never read File: /home/iamprasann/Desktop/EE214/Lab4/Q2/scan_chain.vhdl Line: 46
Info (12128): Elaborating entity "Scan_Reg" for hierarchy "Scan_Chain:scan_instance|Scan_Reg:In_Reg" File: /home/iamprasann/Desktop/EE214/Lab4/Q2/scan_chain.vhdl Line: 53
Info (12128): Elaborating entity "Scan_Reg" for hierarchy "Scan_Chain:scan_instance|Scan_Reg:Out_Reg" File: /home/iamprasann/Desktop/EE214/Lab4/Q2/scan_chain.vhdl Line: 55
Info (12128): Elaborating entity "DUT" for hierarchy "DUT:dut_instance" File: /home/iamprasann/Desktop/EE214/Lab4/Q2/TopLevel.vhdl Line: 74
Info (12128): Elaborating entity "Add_Subtract_Primes" for hierarchy "DUT:dut_instance|Add_Subtract_Primes:add_instance" File: /home/iamprasann/Desktop/EE214/Lab4/Q2/DUT.vhd Line: 21
Info (12128): Elaborating entity "Check_Prime" for hierarchy "DUT:dut_instance|Add_Subtract_Primes:add_instance|Check_Prime:logical1" File: /home/iamprasann/Desktop/EE214/Lab4/Q2/Add_Subtract_Primes.vhd Line: 43
Info (12128): Elaborating entity "INVERTER" for hierarchy "DUT:dut_instance|Add_Subtract_Primes:add_instance|Check_Prime:logical1|INVERTER:not1" File: /home/iamprasann/Desktop/EE214/Lab4/Q2/Check_Prime.vhd Line: 35
Info (12128): Elaborating entity "AND_3" for hierarchy "DUT:dut_instance|Add_Subtract_Primes:add_instance|Check_Prime:logical1|AND_3:and1" File: /home/iamprasann/Desktop/EE214/Lab4/Q2/Check_Prime.vhd Line: 44
Info (12128): Elaborating entity "AND_2" for hierarchy "DUT:dut_instance|Add_Subtract_Primes:add_instance|Check_Prime:logical1|AND_3:and1|AND_2:and1" File: /home/iamprasann/Desktop/EE214/Lab4/Q2/AND_3.vhd Line: 27
Info (12128): Elaborating entity "OR_4" for hierarchy "DUT:dut_instance|Add_Subtract_Primes:add_instance|Check_Prime:logical1|OR_4:or_final" File: /home/iamprasann/Desktop/EE214/Lab4/Q2/Check_Prime.vhd Line: 56
Info (12128): Elaborating entity "OR_2" for hierarchy "DUT:dut_instance|Add_Subtract_Primes:add_instance|Check_Prime:logical1|OR_4:or_final|OR_2:or1" File: /home/iamprasann/Desktop/EE214/Lab4/Q2/OR_4.vhd Line: 27
Info (12128): Elaborating entity "TwosComp" for hierarchy "DUT:dut_instance|Add_Subtract_Primes:add_instance|TwosComp:minus_b" File: /home/iamprasann/Desktop/EE214/Lab4/Q2/Add_Subtract_Primes.vhd Line: 49
Warning (10036): Verilog HDL or VHDL warning at TwosComp.vhd(27): object "ExtraCarry" assigned a value but never read File: /home/iamprasann/Desktop/EE214/Lab4/Q2/TwosComp.vhd Line: 27
Info (12128): Elaborating entity "Four_Bit_Adder" for hierarchy "DUT:dut_instance|Add_Subtract_Primes:add_instance|TwosComp:minus_b|Four_Bit_Adder:final_comp" File: /home/iamprasann/Desktop/EE214/Lab4/Q2/TwosComp.vhd Line: 40
Info (12128): Elaborating entity "Full_Adder" for hierarchy "DUT:dut_instance|Add_Subtract_Primes:add_instance|TwosComp:minus_b|Four_Bit_Adder:final_comp|Full_Adder:fa0" File: /home/iamprasann/Desktop/EE214/Lab4/Q2/Four_Bit_Adder.vhd Line: 29
Info (12128): Elaborating entity "HALF_ADDER" for hierarchy "DUT:dut_instance|Add_Subtract_Primes:add_instance|TwosComp:minus_b|Four_Bit_Adder:final_comp|Full_Adder:fa0|HALF_ADDER:ha" File: /home/iamprasann/Desktop/EE214/Lab4/Q2/FullAdder.vhd Line: 16
Info (12128): Elaborating entity "XOR_2" for hierarchy "DUT:dut_instance|Add_Subtract_Primes:add_instance|TwosComp:minus_b|Four_Bit_Adder:final_comp|Full_Adder:fa0|XOR_2:x1" File: /home/iamprasann/Desktop/EE214/Lab4/Q2/FullAdder.vhd Line: 24
Info (12128): Elaborating entity "FourIPMUX" for hierarchy "DUT:dut_instance|Add_Subtract_Primes:add_instance|FourIPMUX:mux1" File: /home/iamprasann/Desktop/EE214/Lab4/Q2/Add_Subtract_Primes.vhd Line: 58
Info (12128): Elaborating entity "AND_4" for hierarchy "DUT:dut_instance|Add_Subtract_Primes:add_instance|FourIPMUX:mux1|AND_4:and1" File: /home/iamprasann/Desktop/EE214/Lab4/Q2/FourMUX.vhd Line: 40
Info (21057): Implemented 77 device resources after synthesis - the final resource count might be different
    Info (21058): Implemented 4 input pins
    Info (21059): Implemented 1 output pins
    Info (21061): Implemented 72 logic cells
Info: Quartus Prime Analysis & Synthesis was successful. 0 errors, 3 warnings
    Info: Peak virtual memory: 430 megabytes
    Info: Processing ended: Wed Feb 17 14:49:50 2021
    Info: Elapsed time: 00:00:16
    Info: Total CPU time (on all processors): 00:00:38


